2026-04-06 08:14:29,623 [INFO] ============================================================
2026-04-06 08:14:29,623 [INFO]   GEX Push - 2026-04-06 08:14:29
2026-04-06 08:14:29,623 [INFO] ============================================================
2026-04-06 08:14:29,623 [INFO] Running gex_tv_push.py to fetch data and generate Pine...
2026-04-06 08:14:35,915 [INFO]   ==================================================
2026-04-06 08:14:35,915 [INFO]   ==================================================
2026-04-06 08:14:35,915 [INFO]   Spot price: 22644.65
2026-04-06 08:14:35,915 [INFO]   ======================================================================
2026-04-06 08:14:35,926 [INFO]   GEX REPORT - NIFTY | Spot: 22644.65 | Expiry: 2026-04-07
2026-04-06 08:14:35,926 [INFO]   ======================================================================
2026-04-06 08:14:35,926 [INFO]   Call Wall (Resistance):       23000
2026-04-06 08:14:35,926 [INFO]   Put Wall (Support):           22600
2026-04-06 08:14:35,928 [INFO]   Peak Gamma (Magnet):          22600
2026-04-06 08:14:35,928 [INFO]   Max Pain (Expiry Pin):        22700
2026-04-06 08:14:35,928 [INFO]   BIAS: BULL (score: +4/7)
2026-04-06 08:14:35,928 [INFO]   EXPECTED MOVE (1-day, 1SD):
2026-04-06 08:14:35,928 [INFO]   Daily:  22226 - 23064  (±419)
2026-04-06 08:14:35,928 [INFO]   OI CHANGE: BUILDUP
2026-04-06 08:14:35,928 [INFO]   ======================================================================
2026-04-06 08:14:35,928 [INFO]   Spot price: 51597.05
2026-04-06 08:14:35,928 [INFO]   ======================================================================
2026-04-06 08:14:35,928 [INFO]   GEX REPORT - BANKNIFTY | Spot: 51597.05 | Expiry: 2026-04-28
2026-04-06 08:14:35,928 [INFO]   ======================================================================
2026-04-06 08:14:35,928 [INFO]   Call Wall (Resistance):       55000
2026-04-06 08:14:35,928 [INFO]   Put Wall (Support):           52000
2026-04-06 08:14:35,928 [INFO]   Peak Gamma (Magnet):          52000
2026-04-06 08:14:35,928 [INFO]   Max Pain (Expiry Pin):        53900
2026-04-06 08:14:35,928 [INFO]   BIAS: BULL (score: +3/7)
2026-04-06 08:14:35,928 [INFO]   EXPECTED MOVE (1-day, 1SD):
2026-04-06 08:14:35,928 [INFO]   Daily:  50736 - 52459  (±862)
2026-04-06 08:14:35,928 [INFO]   OI CHANGE: BUILDUP
2026-04-06 08:14:35,929 [INFO]   ======================================================================
2026-04-06 08:14:35,948 [INFO] Pine file loaded: 298 lines, 21791 chars
2026-04-06 08:14:36,201 [INFO] Connecting to CDP on port 9222...
2026-04-06 08:14:38,276 [INFO] Found TradingView tab: https://in.tradingview.com/chart/QBtPHOpr/
2026-04-06 08:14:38,278 [DEBUG] WebSocket URL: ws://localhost:9222/devtools/page/C094AC7EF1C794BAA1A5D0ECD56778F3
2026-04-06 08:15:00,438 [INFO] ============================================================
2026-04-06 08:15:00,438 [INFO]   GEX Push - 2026-04-06 08:15:00
2026-04-06 08:15:00,438 [INFO] ============================================================
2026-04-06 08:15:00,439 [INFO] Pine file loaded: 298 lines, 21791 chars
2026-04-06 08:15:00,531 [INFO] Connecting to CDP on port 9222...
2026-04-06 08:15:02,590 [INFO] Found TradingView tab: https://in.tradingview.com/chart/QBtPHOpr/
2026-04-06 08:15:02,598 [DEBUG] WebSocket URL: ws://localhost:9222/devtools/page/C094AC7EF1C794BAA1A5D0ECD56778F3
2026-04-06 08:15:23,975 [INFO] ============================================================
2026-04-06 08:15:23,975 [INFO]   GEX Push - 2026-04-06 08:15:23
2026-04-06 08:15:23,975 [INFO] ============================================================
2026-04-06 08:15:23,976 [INFO] Pine file loaded: 298 lines, 21791 chars
2026-04-06 08:15:24,056 [INFO] Connecting to CDP on port 9222...
2026-04-06 08:15:26,126 [INFO] Found TradingView tab: https://in.tradingview.com/chart/QBtPHOpr/
2026-04-06 08:15:26,126 [DEBUG] WebSocket URL: ws://localhost:9222/devtools/page/C094AC7EF1C794BAA1A5D0ECD56778F3
2026-04-06 08:15:28,218 [INFO] CDP WebSocket connected
2026-04-06 08:15:28,223 [INFO] Opening Pine Editor panel...
2026-04-06 08:15:28,225 [INFO]   Editor: OK:api
2026-04-06 08:15:29,226 [INFO] Checking Monaco editor availability...
2026-04-06 08:15:29,255 [INFO]   Monaco ready (attempt 1)
2026-04-06 08:15:29,256 [INFO] Injecting Pine Script (298 lines)...
2026-04-06 08:15:29,273 [INFO]   Result: OK:299
2026-04-06 08:15:29,774 [INFO] Compiling...
2026-04-06 08:15:29,836 [INFO]   Button clicked: Pine Save
2026-04-06 08:15:29,836 [INFO] Waiting for compilation (3s)...
2026-04-06 08:15:32,839 [INFO] Compiled clean - 0 errors
2026-04-06 08:15:32,840 [INFO] DONE - pushed in 8.9s
2026-04-06 08:15:37,820 [INFO] ============================================================
2026-04-06 08:15:37,820 [INFO]   GEX Push - 2026-04-06 08:15:37
2026-04-06 08:15:37,820 [INFO] ============================================================
2026-04-06 08:15:37,821 [INFO] Running gex_tv_push.py to fetch data and generate Pine...
2026-04-06 08:15:44,041 [INFO]   ==================================================
2026-04-06 08:15:44,041 [INFO]   ==================================================
2026-04-06 08:15:44,042 [INFO]   Spot price: 22638.85
2026-04-06 08:15:44,042 [INFO]   ======================================================================
2026-04-06 08:15:44,079 [INFO]   GEX REPORT - NIFTY | Spot: 22638.85 | Expiry: 2026-04-07
2026-04-06 08:15:44,079 [INFO]   ======================================================================
2026-04-06 08:15:44,079 [INFO]   Call Wall (Resistance):       23000
2026-04-06 08:15:44,079 [INFO]   Put Wall (Support):           22600
2026-04-06 08:15:44,080 [INFO]   Peak Gamma (Magnet):          22600
2026-04-06 08:15:44,080 [INFO]   Max Pain (Expiry Pin):        22700
2026-04-06 08:15:44,080 [INFO]   BIAS: BULL (score: +4/7)
2026-04-06 08:15:44,080 [INFO]   EXPECTED MOVE (1-day, 1SD):
2026-04-06 08:15:44,080 [INFO]   Daily:  22219 - 23059  (±420)
2026-04-06 08:15:44,080 [INFO]   OI CHANGE: BUILDUP
2026-04-06 08:15:44,080 [INFO]   ======================================================================
2026-04-06 08:15:44,080 [INFO]   Spot price: 51590
2026-04-06 08:15:44,081 [INFO]   ======================================================================
2026-04-06 08:15:44,081 [INFO]   GEX REPORT - BANKNIFTY | Spot: 51590.00 | Expiry: 2026-04-28
2026-04-06 08:15:44,081 [INFO]   ======================================================================
2026-04-06 08:15:44,081 [INFO]   Call Wall (Resistance):       55000
2026-04-06 08:15:44,081 [INFO]   Put Wall (Support):           52000
2026-04-06 08:15:44,081 [INFO]   Peak Gamma (Magnet):          52000
2026-04-06 08:15:44,081 [INFO]   Max Pain (Expiry Pin):        53900
2026-04-06 08:15:44,081 [INFO]   BIAS: BULL (score: +3/7)
2026-04-06 08:15:44,081 [INFO]   EXPECTED MOVE (1-day, 1SD):
2026-04-06 08:15:44,081 [INFO]   Daily:  50728 - 52452  (±862)
2026-04-06 08:15:44,082 [INFO]   OI CHANGE: BUILDUP
2026-04-06 08:15:44,082 [INFO]   ======================================================================
2026-04-06 08:15:44,119 [INFO] Pine file loaded: 298 lines, 21791 chars
2026-04-06 08:15:44,216 [INFO] Connecting to CDP on port 9222...
2026-04-06 08:15:46,302 [INFO] Found TradingView tab: https://in.tradingview.com/chart/QBtPHOpr/
2026-04-06 08:15:46,302 [DEBUG] WebSocket URL: ws://localhost:9222/devtools/page/C094AC7EF1C794BAA1A5D0ECD56778F3
2026-04-06 08:15:48,374 [INFO] CDP WebSocket connected
2026-04-06 08:15:48,379 [INFO] Opening Pine Editor panel...
2026-04-06 08:15:48,381 [INFO]   Editor: OK:api
2026-04-06 08:15:49,382 [INFO] Checking Monaco editor availability...
2026-04-06 08:15:49,384 [INFO]   Monaco ready (attempt 1)
2026-04-06 08:15:49,385 [INFO] Injecting Pine Script (298 lines)...
2026-04-06 08:15:49,420 [INFO]   Result: OK:299
2026-04-06 08:15:49,922 [INFO] Compiling...
2026-04-06 08:15:49,975 [INFO]   Button clicked: Pine Save
2026-04-06 08:15:49,976 [INFO] Waiting for compilation (3s)...
2026-04-06 08:15:52,978 [INFO] Compiled clean - 0 errors
2026-04-06 08:15:52,979 [INFO] DONE - pushed in 15.2s
2026-04-06 08:21:40,811 [INFO] ============================================================
2026-04-06 08:21:40,811 [INFO]   GEX Push - 2026-04-06 08:21:40
2026-04-06 08:21:40,813 [INFO] ============================================================
2026-04-06 08:21:40,813 [INFO] Running gex_tv_push.py to fetch data and generate Pine...
2026-04-06 08:21:47,126 [INFO]   ==================================================
2026-04-06 08:21:47,128 [INFO]   ==================================================
2026-04-06 08:21:47,128 [INFO]   Spot price: 22669.2
2026-04-06 08:21:47,128 [INFO]   ======================================================================
2026-04-06 08:21:47,128 [INFO]   GEX REPORT - NIFTY | Spot: 22669.20 | Expiry: 2026-04-07
2026-04-06 08:21:47,129 [INFO]   ======================================================================
2026-04-06 08:21:47,129 [INFO]   Call Wall (Resistance):       23000
2026-04-06 08:21:47,129 [INFO]   Put Wall (Support):           22600
2026-04-06 08:21:47,129 [INFO]   Peak Gamma (Magnet):          22600
2026-04-06 08:21:47,129 [INFO]   Max Pain (Expiry Pin):        22700
2026-04-06 08:21:47,129 [INFO]   BIAS: BULL (score: +4/7)
2026-04-06 08:21:47,129 [INFO]   EXPECTED MOVE (1-day, 1SD):
2026-04-06 08:21:47,130 [INFO]   Daily:  22246 - 23092  (±423)
2026-04-06 08:21:47,130 [INFO]   OI CHANGE: BUILDUP
2026-04-06 08:21:47,130 [INFO]   ======================================================================
2026-04-06 08:21:47,130 [INFO]   Spot price: 51668.55
2026-04-06 08:21:47,131 [INFO]   ======================================================================
2026-04-06 08:21:47,131 [INFO]   GEX REPORT - BANKNIFTY | Spot: 51668.55 | Expiry: 2026-04-28
2026-04-06 08:21:47,131 [INFO]   ======================================================================
2026-04-06 08:21:47,131 [INFO]   Call Wall (Resistance):       55000
2026-04-06 08:21:47,131 [INFO]   Put Wall (Support):           52000
2026-04-06 08:21:47,131 [INFO]   Peak Gamma (Magnet):          52000
2026-04-06 08:21:47,131 [INFO]   Max Pain (Expiry Pin):        53900
2026-04-06 08:21:47,131 [INFO]   BIAS: BULL (score: +3/7)
2026-04-06 08:21:47,133 [INFO]   EXPECTED MOVE (1-day, 1SD):
2026-04-06 08:21:47,133 [INFO]   Daily:  50813 - 52524  (±856)
2026-04-06 08:21:47,133 [INFO]   OI CHANGE: BUILDUP
2026-04-06 08:21:47,133 [INFO]   ======================================================================
2026-04-06 08:21:47,152 [INFO] Pine file loaded: 298 lines, 21791 chars
2026-04-06 08:21:47,237 [INFO] Connecting to CDP on port 9222...
2026-04-06 08:21:49,296 [INFO] Found TradingView tab: https://in.tradingview.com/chart/QBtPHOpr/
2026-04-06 08:21:49,298 [DEBUG] WebSocket URL: ws://localhost:9222/devtools/page/C094AC7EF1C794BAA1A5D0ECD56778F3
2026-04-06 08:21:51,343 [INFO] CDP WebSocket connected
2026-04-06 08:21:51,353 [INFO] Opening Pine Editor panel...
2026-04-06 08:21:51,358 [INFO]   Editor: OK:api
2026-04-06 08:21:52,359 [INFO] Checking Monaco editor availability...
2026-04-06 08:21:52,366 [DEBUG]   Attempt 1: not ready, waiting...
2026-04-06 08:21:52,873 [DEBUG]   Attempt 2: not ready, waiting...
2026-04-06 08:21:53,380 [DEBUG]   Attempt 3: not ready, waiting...
2026-04-06 08:21:53,883 [DEBUG]   Attempt 4: not ready, waiting...
2026-04-06 08:21:54,390 [DEBUG]   Attempt 5: not ready, waiting...
2026-04-06 08:21:54,895 [DEBUG]   Attempt 6: not ready, waiting...
2026-04-06 08:21:55,398 [DEBUG]   Attempt 7: not ready, waiting...
2026-04-06 08:21:55,904 [DEBUG]   Attempt 8: not ready, waiting...
2026-04-06 08:21:56,411 [DEBUG]   Attempt 9: not ready, waiting...
2026-04-06 08:21:56,918 [DEBUG]   Attempt 10: not ready, waiting...
2026-04-06 08:21:57,420 [ERROR] Monaco editor not found after 10 attempts
2026-04-06 08:21:57,421 [ERROR] FAILED after 16.6s
2026-04-06 08:22:27,489 [INFO] ============================================================
2026-04-06 08:22:27,489 [INFO]   GEX Push - 2026-04-06 08:22:27
2026-04-06 08:22:27,490 [INFO] ============================================================
2026-04-06 08:22:27,490 [INFO] Running gex_tv_push.py to fetch data and generate Pine...
2026-04-06 08:22:33,971 [INFO]   ==================================================
2026-04-06 08:22:33,971 [INFO]   ==================================================
2026-04-06 08:22:33,971 [INFO]   Spot price: 22674.15
2026-04-06 08:22:33,972 [INFO]   ======================================================================
2026-04-06 08:22:33,972 [INFO]   GEX REPORT - NIFTY | Spot: 22674.15 | Expiry: 2026-04-07
2026-04-06 08:22:33,972 [INFO]   ======================================================================
2026-04-06 08:22:33,972 [INFO]   Call Wall (Resistance):       23000
2026-04-06 08:22:33,972 [INFO]   Put Wall (Support):           22600
2026-04-06 08:22:33,972 [INFO]   Peak Gamma (Magnet):          22600
2026-04-06 08:22:33,973 [INFO]   Max Pain (Expiry Pin):        22700
2026-04-06 08:22:33,973 [INFO]   BIAS: BULL (score: +4/7)
2026-04-06 08:22:33,973 [INFO]   EXPECTED MOVE (1-day, 1SD):
2026-04-06 08:22:33,973 [INFO]   Daily:  22250 - 23098  (±424)
2026-04-06 08:22:33,973 [INFO]   OI CHANGE: BUILDUP
2026-04-06 08:22:33,973 [INFO]   ======================================================================
2026-04-06 08:22:33,974 [INFO]   Spot price: 51671.9
2026-04-06 08:22:33,974 [INFO]   ======================================================================
2026-04-06 08:22:33,974 [INFO]   GEX REPORT - BANKNIFTY | Spot: 51671.90 | Expiry: 2026-04-28
2026-04-06 08:22:33,974 [INFO]   ======================================================================
2026-04-06 08:22:33,974 [INFO]   Call Wall (Resistance):       55000
2026-04-06 08:22:33,974 [INFO]   Put Wall (Support):           52000
2026-04-06 08:22:33,976 [INFO]   Peak Gamma (Magnet):          52000
2026-04-06 08:22:33,976 [INFO]   Max Pain (Expiry Pin):        53900
2026-04-06 08:22:33,976 [INFO]   BIAS: BULL (score: +3/7)
2026-04-06 08:22:33,976 [INFO]   EXPECTED MOVE (1-day, 1SD):
2026-04-06 08:22:33,976 [INFO]   Daily:  50812 - 52531  (±860)
2026-04-06 08:22:33,976 [INFO]   OI CHANGE: BUILDUP
2026-04-06 08:22:33,976 [INFO]   ======================================================================
2026-04-06 08:22:33,994 [INFO] Pine file loaded: 298 lines, 21791 chars
2026-04-06 08:22:34,086 [INFO] Connecting to CDP on port 9222...
2026-04-06 08:22:36,153 [INFO] Found TradingView tab: https://in.tradingview.com/chart/QBtPHOpr/
2026-04-06 08:22:36,154 [DEBUG] WebSocket URL: ws://localhost:9222/devtools/page/C094AC7EF1C794BAA1A5D0ECD56778F3
2026-04-06 08:22:38,222 [INFO] CDP WebSocket connected
2026-04-06 08:22:38,225 [INFO] Opening Pine Editor panel...
2026-04-06 08:22:38,227 [INFO]   Editor: OK:api
2026-04-06 08:22:39,228 [INFO] Checking Monaco editor availability...
2026-04-06 08:22:39,262 [INFO]   Monaco ready (attempt 1)
2026-04-06 08:22:39,263 [INFO] Injecting Pine Script (298 lines)...
2026-04-06 08:22:39,280 [INFO]   Result: OK:299
2026-04-06 08:22:39,780 [INFO] Compiling...
2026-04-06 08:22:39,841 [INFO]   Button clicked: Pine Save
2026-04-06 08:22:39,842 [INFO] Waiting for compilation (3s)...
2026-04-06 08:22:42,844 [INFO] Compiled clean - 0 errors
2026-04-06 08:22:42,845 [INFO] DONE - pushed in 15.4s
2026-04-06 08:24:25,232 [INFO] ============================================================
2026-04-06 08:24:25,232 [INFO]   GEX Push - 2026-04-06 08:24:25
2026-04-06 08:24:25,233 [INFO] ============================================================
2026-04-06 08:24:25,233 [INFO] Running gex_tv_push.py to fetch data and generate Pine...
2026-04-06 08:24:31,667 [INFO]   ==================================================
2026-04-06 08:24:31,667 [INFO]   ==================================================
2026-04-06 08:24:31,667 [INFO]   Spot price: 22666.55
2026-04-06 08:24:31,668 [INFO]   ======================================================================
2026-04-06 08:24:31,668 [INFO]   GEX REPORT - NIFTY | Spot: 22666.55 | Expiry: 2026-04-07
2026-04-06 08:24:31,668 [INFO]   ======================================================================
2026-04-06 08:24:31,668 [INFO]   Call Wall (Resistance):       23000
2026-04-06 08:24:31,668 [INFO]   Put Wall (Support):           22600
2026-04-06 08:24:31,669 [INFO]   Peak Gamma (Magnet):          22600
2026-04-06 08:24:31,669 [INFO]   Max Pain (Expiry Pin):        22700
2026-04-06 08:24:31,669 [INFO]   BIAS: BULL (score: +4/7)
2026-04-06 08:24:31,669 [INFO]   EXPECTED MOVE (1-day, 1SD):
2026-04-06 08:24:31,669 [INFO]   Daily:  22241 - 23092  (±425)
2026-04-06 08:24:31,670 [INFO]   OI CHANGE: BUILDUP
2026-04-06 08:24:31,670 [INFO]   ======================================================================
2026-04-06 08:24:31,670 [INFO]   Spot price: 51657.55
2026-04-06 08:24:31,670 [INFO]   ======================================================================
2026-04-06 08:24:31,670 [INFO]   GEX REPORT - BANKNIFTY | Spot: 51657.55 | Expiry: 2026-04-28
2026-04-06 08:24:31,670 [INFO]   ======================================================================
2026-04-06 08:24:31,671 [INFO]   Call Wall (Resistance):       55000
2026-04-06 08:24:31,671 [INFO]   Put Wall (Support):           52000
2026-04-06 08:24:31,671 [INFO]   Peak Gamma (Magnet):          52000
2026-04-06 08:24:31,671 [INFO]   Max Pain (Expiry Pin):        53900
2026-04-06 08:24:31,671 [INFO]   BIAS: BULL (score: +3/7)
2026-04-06 08:24:31,671 [INFO]   EXPECTED MOVE (1-day, 1SD):
2026-04-06 08:24:31,671 [INFO]   Daily:  50804 - 52511  (±854)
2026-04-06 08:24:31,673 [INFO]   OI CHANGE: BUILDUP
2026-04-06 08:24:31,673 [INFO]   ======================================================================
2026-04-06 08:24:31,689 [INFO] Pine file loaded: 298 lines, 21791 chars
2026-04-06 08:24:31,775 [INFO] Connecting to CDP on port 9222...
2026-04-06 08:24:33,852 [INFO] Found TradingView tab: https://in.tradingview.com/chart/QBtPHOpr/
2026-04-06 08:24:33,853 [DEBUG] WebSocket URL: ws://localhost:9222/devtools/page/C094AC7EF1C794BAA1A5D0ECD56778F3
2026-04-06 08:24:35,926 [INFO] CDP WebSocket connected
2026-04-06 08:24:35,936 [INFO] Opening Pine Editor panel...
2026-04-06 08:24:35,942 [INFO]   Editor: OK:api
2026-04-06 08:24:37,944 [INFO] Checking Monaco editor availability...
2026-04-06 08:24:37,952 [DEBUG]   Attempt 1: not ready, waiting...
2026-04-06 08:24:38,459 [DEBUG]   Attempt 2: not ready, waiting...
2026-04-06 08:24:38,966 [DEBUG]   Attempt 3: not ready, waiting...
2026-04-06 08:24:39,474 [DEBUG]   Attempt 4: not ready, waiting...
2026-04-06 08:24:39,980 [DEBUG]   Attempt 5: not ready, waiting...
2026-04-06 08:24:40,485 [DEBUG]   Attempt 6: not ready, waiting...
2026-04-06 08:24:40,992 [DEBUG]   Attempt 7: not ready, waiting...
2026-04-06 08:24:41,500 [DEBUG]   Attempt 8: not ready, waiting...
2026-04-06 08:24:42,007 [DEBUG]   Attempt 9: not ready, waiting...
2026-04-06 08:24:42,514 [DEBUG]   Attempt 10: not ready, waiting...
2026-04-06 08:24:43,020 [DEBUG]   Attempt 11: not ready, waiting...
2026-04-06 08:24:43,527 [DEBUG]   Attempt 12: not ready, waiting...
2026-04-06 08:24:44,030 [DEBUG]   Attempt 13: not ready, waiting...
2026-04-06 08:24:44,534 [DEBUG]   Attempt 14: not ready, waiting...
2026-04-06 08:24:45,043 [DEBUG]   Attempt 15: not ready, waiting...
2026-04-06 08:24:45,546 [DEBUG]   Attempt 16: not ready, waiting...
2026-04-06 08:24:46,052 [DEBUG]   Attempt 17: not ready, waiting...
2026-04-06 08:24:46,558 [DEBUG]   Attempt 18: not ready, waiting...
2026-04-06 08:24:47,063 [DEBUG]   Attempt 19: not ready, waiting...
2026-04-06 08:24:47,568 [DEBUG]   Attempt 20: not ready, waiting...
2026-04-06 08:24:48,075 [DEBUG]   Attempt 21: not ready, waiting...
2026-04-06 08:24:48,582 [DEBUG]   Attempt 22: not ready, waiting...
2026-04-06 08:24:49,088 [DEBUG]   Attempt 23: not ready, waiting...
2026-04-06 08:24:49,611 [DEBUG]   Attempt 24: not ready, waiting...
2026-04-06 08:24:50,118 [DEBUG]   Attempt 25: not ready, waiting...
2026-04-06 08:24:50,623 [DEBUG]   Attempt 26: not ready, waiting...
2026-04-06 08:24:51,140 [DEBUG]   Attempt 27: not ready, waiting...
2026-04-06 08:24:51,646 [DEBUG]   Attempt 28: not ready, waiting...
2026-04-06 08:24:52,153 [DEBUG]   Attempt 29: not ready, waiting...
2026-04-06 08:24:52,656 [DEBUG]   Attempt 30: not ready, waiting...
2026-04-06 08:24:53,158 [ERROR] Monaco editor not found after 30 attempts (15s)
2026-04-06 08:24:53,158 [ERROR] FAILED after 27.9s
2026-04-06 08:26:14,868 [INFO] ============================================================
2026-04-06 08:26:14,868 [INFO]   GEX Push - 2026-04-06 08:26:14
2026-04-06 08:26:14,868 [INFO] ============================================================
2026-04-06 08:26:14,869 [INFO] Pine file loaded: 298 lines, 21791 chars
2026-04-06 08:26:14,949 [INFO] Connecting to CDP on port 9222...
2026-04-06 08:26:17,038 [INFO] Found TradingView tab: https://in.tradingview.com/chart/QBtPHOpr/
2026-04-06 08:26:17,039 [DEBUG] WebSocket URL: ws://localhost:9222/devtools/page/C094AC7EF1C794BAA1A5D0ECD56778F3
2026-04-06 08:26:19,126 [INFO] CDP WebSocket connected
2026-04-06 08:26:19,134 [INFO] Opening Pine Editor panel...
2026-04-06 08:26:19,138 [INFO]   Editor: OK:api
2026-04-06 08:26:20,140 [INFO] Checking Monaco editor availability...
2026-04-06 08:26:20,146 [DEBUG]   Attempt 1: not ready, waiting...
2026-04-06 08:26:20,650 [DEBUG]   Attempt 2: not ready, waiting...
2026-04-06 08:26:21,153 [DEBUG]   Attempt 3: not ready, waiting...
2026-04-06 08:26:21,656 [DEBUG]   Attempt 4: not ready, waiting...
2026-04-06 08:26:22,162 [DEBUG]   Attempt 5: not ready, waiting...
2026-04-06 08:26:22,666 [DEBUG]   Attempt 6: not ready, waiting...
2026-04-06 08:26:23,166 [INFO]   Monaco not ready - loading saved script to initialize editor...
2026-04-06 08:26:23,949 [INFO]   Load script: OK:loaded_no_monaco
2026-04-06 08:26:25,954 [DEBUG]   Retry 1: not ready, waiting...
2026-04-06 08:26:26,461 [DEBUG]   Retry 2: not ready, waiting...
2026-04-06 08:26:26,966 [DEBUG]   Retry 3: not ready, waiting...
2026-04-06 08:26:27,469 [DEBUG]   Retry 4: not ready, waiting...
2026-04-06 08:26:27,977 [DEBUG]   Retry 5: not ready, waiting...
2026-04-06 08:26:28,480 [DEBUG]   Retry 6: not ready, waiting...
2026-04-06 08:26:29,033 [DEBUG]   Retry 7: not ready, waiting...
2026-04-06 08:26:29,537 [DEBUG]   Retry 8: not ready, waiting...
2026-04-06 08:26:30,043 [DEBUG]   Retry 9: not ready, waiting...
2026-04-06 08:26:30,546 [DEBUG]   Retry 10: not ready, waiting...
2026-04-06 08:26:31,050 [DEBUG]   Retry 11: not ready, waiting...
2026-04-06 08:26:31,553 [DEBUG]   Retry 12: not ready, waiting...
2026-04-06 08:26:32,058 [DEBUG]   Retry 13: not ready, waiting...
2026-04-06 08:26:32,560 [DEBUG]   Retry 14: not ready, waiting...
2026-04-06 08:26:33,065 [DEBUG]   Retry 15: not ready, waiting...
2026-04-06 08:26:33,569 [DEBUG]   Retry 16: not ready, waiting...
2026-04-06 08:26:34,073 [DEBUG]   Retry 17: not ready, waiting...
2026-04-06 08:26:34,576 [DEBUG]   Retry 18: not ready, waiting...
2026-04-06 08:26:35,080 [DEBUG]   Retry 19: not ready, waiting...
2026-04-06 08:26:35,589 [DEBUG]   Retry 20: not ready, waiting...
2026-04-06 08:26:36,090 [INFO]   Trying 'New indicator' fallback...
2026-04-06 08:26:44,133 [ERROR] Monaco editor not found after all attempts
2026-04-06 08:26:44,134 [ERROR] FAILED after 29.3s
2026-04-06 08:27:09,935 [INFO] ============================================================
2026-04-06 08:27:09,935 [INFO]   GEX Push - 2026-04-06 08:27:09
2026-04-06 08:27:09,935 [INFO] ============================================================
2026-04-06 08:27:09,935 [INFO] Pine file loaded: 298 lines, 21791 chars
2026-04-06 08:27:10,012 [INFO] Connecting to CDP on port 9222...
2026-04-06 08:27:12,098 [INFO] Found TradingView tab: https://in.tradingview.com/chart/QBtPHOpr/
2026-04-06 08:27:12,099 [DEBUG] WebSocket URL: ws://localhost:9222/devtools/page/C094AC7EF1C794BAA1A5D0ECD56778F3
2026-04-06 08:27:14,158 [INFO] CDP WebSocket connected
2026-04-06 08:27:14,170 [INFO] Opening Pine Editor panel...
2026-04-06 08:27:14,172 [INFO]   Editor: OK:api
2026-04-06 08:27:15,180 [INFO]   DOM diagnostic: {"monaco":0,"pine_monaco":0,"pine_container":1,"editor_tabs":0,"bottom_panel":7,"monaco_classes":[]}
2026-04-06 08:27:15,181 [INFO] Checking Monaco editor availability...
2026-04-06 08:27:15,185 [DEBUG]   Attempt 1: not ready, waiting...
2026-04-06 08:27:15,689 [DEBUG]   Attempt 2: not ready, waiting...
2026-04-06 08:27:16,197 [DEBUG]   Attempt 3: not ready, waiting...
2026-04-06 08:27:16,701 [DEBUG]   Attempt 4: not ready, waiting...
2026-04-06 08:27:17,204 [DEBUG]   Attempt 5: not ready, waiting...
2026-04-06 08:27:17,706 [DEBUG]   Attempt 6: not ready, waiting...
2026-04-06 08:27:18,207 [INFO]   Monaco not ready - loading saved script to initialize editor...
2026-04-06 08:27:18,671 [INFO]   Load script: OK:loaded_no_monaco
2026-04-06 08:27:20,676 [DEBUG]   Retry 1: not ready, waiting...
2026-04-06 08:27:21,184 [DEBUG]   Retry 2: not ready, waiting...
2026-04-06 08:27:21,688 [DEBUG]   Retry 3: not ready, waiting...
2026-04-06 08:27:22,195 [DEBUG]   Retry 4: not ready, waiting...
2026-04-06 08:27:22,699 [DEBUG]   Retry 5: not ready, waiting...
2026-04-06 08:27:23,201 [DEBUG]   Retry 6: not ready, waiting...
2026-04-06 08:27:23,704 [DEBUG]   Retry 7: not ready, waiting...
2026-04-06 08:27:24,207 [DEBUG]   Retry 8: not ready, waiting...
2026-04-06 08:27:24,709 [DEBUG]   Retry 9: not ready, waiting...
2026-04-06 08:27:25,212 [DEBUG]   Retry 10: not ready, waiting...
2026-04-06 08:27:25,715 [DEBUG]   Retry 11: not ready, waiting...
2026-04-06 08:27:26,218 [DEBUG]   Retry 12: not ready, waiting...
2026-04-06 08:27:26,720 [DEBUG]   Retry 13: not ready, waiting...
2026-04-06 08:27:27,223 [DEBUG]   Retry 14: not ready, waiting...
2026-04-06 08:27:27,726 [DEBUG]   Retry 15: not ready, waiting...
2026-04-06 08:27:28,229 [DEBUG]   Retry 16: not ready, waiting...
2026-04-06 08:27:28,731 [DEBUG]   Retry 17: not ready, waiting...
2026-04-06 08:27:29,234 [DEBUG]   Retry 18: not ready, waiting...
2026-04-06 08:27:29,739 [DEBUG]   Retry 19: not ready, waiting...
2026-04-06 08:27:30,244 [DEBUG]   Retry 20: not ready, waiting...
2026-04-06 08:27:30,745 [INFO]   Trying 'New indicator' fallback...
2026-04-06 08:27:38,790 [ERROR] Monaco editor not found after all attempts
2026-04-06 08:27:38,792 [ERROR] FAILED after 28.9s
2026-04-06 08:28:32,563 [INFO] ============================================================
2026-04-06 08:28:32,564 [INFO]   GEX Push - 2026-04-06 08:28:32
2026-04-06 08:28:32,564 [INFO] ============================================================
2026-04-06 08:28:32,564 [INFO] Pine file loaded: 298 lines, 21791 chars
2026-04-06 08:28:32,645 [INFO] Connecting to CDP on port 9222...
2026-04-06 08:28:34,709 [INFO] Found TradingView tab: https://in.tradingview.com/chart/QBtPHOpr/
2026-04-06 08:28:34,709 [DEBUG] WebSocket URL: ws://localhost:9222/devtools/page/C094AC7EF1C794BAA1A5D0ECD56778F3
2026-04-06 08:28:36,799 [INFO] CDP WebSocket connected
2026-04-06 08:28:36,803 [INFO] Opening Pine Editor panel...
2026-04-06 08:28:36,805 [INFO]   Editor panel: OK:api
2026-04-06 08:28:37,807 [INFO]   Looking for Open/New buttons to initialize Monaco...
2026-04-06 08:28:38,077 [INFO]   Button: clicked:pine-dialog
2026-04-06 08:28:38,077 [INFO]   Waiting for Monaco editor...
2026-04-06 08:28:38,242 [INFO]   Monaco ready (attempt 1)
2026-04-06 08:28:38,243 [INFO] Injecting Pine Script (298 lines)...
2026-04-06 08:28:38,360 [INFO]   Result: OK:299
2026-04-06 08:28:38,861 [INFO] Compiling...
2026-04-06 08:28:38,912 [INFO]   Button clicked: Pine Save
2026-04-06 08:28:38,912 [INFO] Waiting for compilation (3s)...
2026-04-06 08:28:41,916 [INFO] Compiled clean - 0 errors
2026-04-06 08:28:41,917 [INFO] DONE - pushed in 9.4s
2026-04-06 08:28:48,783 [INFO] ============================================================
2026-04-06 08:28:48,783 [INFO]   GEX Push - 2026-04-06 08:28:48
2026-04-06 08:28:48,784 [INFO] ============================================================
2026-04-06 08:28:48,784 [INFO] Pine file loaded: 298 lines, 21791 chars
2026-04-06 08:28:48,868 [INFO] Connecting to CDP on port 9222...
2026-04-06 08:28:50,949 [INFO] Found TradingView tab: https://in.tradingview.com/chart/QBtPHOpr/
2026-04-06 08:28:50,949 [DEBUG] WebSocket URL: ws://localhost:9222/devtools/page/C094AC7EF1C794BAA1A5D0ECD56778F3
2026-04-06 08:28:53,016 [INFO] CDP WebSocket connected
2026-04-06 08:28:53,019 [INFO] Opening Pine Editor panel...
2026-04-06 08:28:53,036 [INFO]   Monaco already ready
2026-04-06 08:28:53,036 [INFO] Injecting Pine Script (298 lines)...
2026-04-06 08:28:53,069 [INFO]   Result: OK:299
2026-04-06 08:28:53,571 [INFO] Compiling...
2026-04-06 08:28:53,574 [INFO]   Button clicked: Pine Save
2026-04-06 08:28:53,574 [INFO] Waiting for compilation (3s)...
2026-04-06 08:28:56,576 [INFO] Compiled clean - 0 errors
2026-04-06 08:28:56,576 [INFO] DONE - pushed in 7.8s
2026-04-06 08:29:32,408 [INFO] ============================================================
2026-04-06 08:29:32,408 [INFO]   GEX Push - 2026-04-06 08:29:32
2026-04-06 08:29:32,408 [INFO] ============================================================
2026-04-06 08:29:32,409 [INFO] Running gex_tv_push.py to fetch data and generate Pine...
2026-04-06 08:29:38,706 [INFO]   ==================================================
2026-04-06 08:29:38,708 [INFO]   ==================================================
2026-04-06 08:29:38,708 [INFO]   Spot price: 22672.4
2026-04-06 08:29:38,708 [INFO]   ======================================================================
2026-04-06 08:29:38,708 [INFO]   GEX REPORT - NIFTY | Spot: 22672.40 | Expiry: 2026-04-07
2026-04-06 08:29:38,708 [INFO]   ======================================================================
2026-04-06 08:29:38,709 [INFO]   Call Wall (Resistance):       23000
2026-04-06 08:29:38,709 [INFO]   Put Wall (Support):           22600
2026-04-06 08:29:38,709 [INFO]   Peak Gamma (Magnet):          22700
2026-04-06 08:29:38,709 [INFO]   Max Pain (Expiry Pin):        22700
2026-04-06 08:29:38,709 [INFO]   BIAS: STRONG BULL (score: +6/7)
2026-04-06 08:29:38,709 [INFO]   EXPECTED MOVE (1-day, 1SD):
2026-04-06 08:29:38,710 [INFO]   Daily:  22247 - 23098  (±426)
2026-04-06 08:29:38,710 [INFO]   OI CHANGE: BUILDUP
2026-04-06 08:29:38,710 [INFO]   ======================================================================
2026-04-06 08:29:38,711 [INFO]   Spot price: 51657.85
2026-04-06 08:29:38,711 [INFO]   ======================================================================
2026-04-06 08:29:38,711 [INFO]   GEX REPORT - BANKNIFTY | Spot: 51657.85 | Expiry: 2026-04-28
2026-04-06 08:29:38,711 [INFO]   ======================================================================
2026-04-06 08:29:38,711 [INFO]   Call Wall (Resistance):       55000
2026-04-06 08:29:38,711 [INFO]   Put Wall (Support):           52000
2026-04-06 08:29:38,711 [INFO]   Peak Gamma (Magnet):          52000
2026-04-06 08:29:38,711 [INFO]   Max Pain (Expiry Pin):        53900
2026-04-06 08:29:38,712 [INFO]   BIAS: BULL (score: +3/7)
2026-04-06 08:29:38,712 [INFO]   EXPECTED MOVE (1-day, 1SD):
2026-04-06 08:29:38,712 [INFO]   Daily:  50798 - 52517  (±860)
2026-04-06 08:29:38,712 [INFO]   OI CHANGE: BUILDUP
2026-04-06 08:29:38,712 [INFO]   ======================================================================
2026-04-06 08:29:38,728 [INFO] Pine file loaded: 298 lines, 21796 chars
2026-04-06 08:29:38,818 [INFO] Connecting to CDP on port 9222...
2026-04-06 08:29:40,912 [INFO] Found TradingView tab: https://in.tradingview.com/chart/QBtPHOpr/
2026-04-06 08:29:40,914 [DEBUG] WebSocket URL: ws://localhost:9222/devtools/page/C094AC7EF1C794BAA1A5D0ECD56778F3
2026-04-06 08:29:42,979 [INFO] CDP WebSocket connected
2026-04-06 08:29:42,989 [INFO] Opening Pine Editor panel...
2026-04-06 08:29:42,998 [INFO]   Editor panel: OK:api
2026-04-06 08:29:44,000 [INFO]   Looking for Open/New buttons to initialize Monaco...
2026-04-06 08:29:44,267 [INFO]   Button: clicked:pine-dialog
2026-04-06 08:29:44,267 [INFO]   Waiting for Monaco editor...
2026-04-06 08:29:44,377 [INFO]   Monaco ready (attempt 1)
2026-04-06 08:29:44,378 [INFO] Injecting Pine Script (298 lines)...
2026-04-06 08:29:44,477 [INFO]   Result: OK:299
2026-04-06 08:29:44,984 [INFO] Compiling...
2026-04-06 08:29:45,038 [INFO]   Button clicked: Pine Save
2026-04-06 08:29:45,038 [INFO] Waiting for compilation (3s)...
2026-04-06 08:29:48,042 [INFO] Compiled clean - 0 errors
2026-04-06 08:29:48,042 [INFO] DONE - pushed in 15.6s
2026-04-06 08:39:23,234 [INFO] ============================================================
2026-04-06 08:39:23,234 [INFO]   GEX Push - 2026-04-06 08:39:23
2026-04-06 08:39:23,234 [INFO] ============================================================
2026-04-06 08:39:23,234 [INFO] Running gex_tv_push.py to fetch data and generate Pine...
2026-04-06 08:39:25,505 [ERROR] gex_tv_push.py failed:
Traceback (most recent call last):
  File "C:\tv\gex_tv_push.py", line 489, in <module>
    main()
  File "C:\tv\gex_tv_push.py", line 453, in main
    nifty_data = run_gex("NIFTY")
                 ^^^^^^^^^^^^^^^^
  File "C:\tv\gex_calculator.py", line 736, in run_gex
    levels = find_key_levels(gex_results, spot)
             ^^^^^^^^^^^^^^^^^^^^^^^^^^^^^^^^^^
  File "C:\tv\gex_calculator.py", line 340, in find_key_levels
    pc_ratio = abs(total_put_gex / total_call_gex) if total_call_gex != 0 else 1
                                                      ^^^^^^^^^^^^^^
NameError: name 'total_call_gex' is not defined

2026-04-06 08:40:05,053 [INFO] ============================================================
2026-04-06 08:40:05,054 [INFO]   GEX Push - 2026-04-06 08:40:05
2026-04-06 08:40:05,054 [INFO] ============================================================
2026-04-06 08:40:05,054 [INFO] Running gex_tv_push.py to fetch data and generate Pine...
2026-04-06 08:40:11,261 [INFO]   ==================================================
2026-04-06 08:40:11,261 [INFO]   ==================================================
2026-04-06 08:40:11,261 [INFO]   Spot price: 22669.15
2026-04-06 08:40:11,261 [INFO]   ======================================================================
2026-04-06 08:40:11,272 [INFO]   GEX REPORT - NIFTY | Spot: 22669.15 | Expiry: 2026-04-07
2026-04-06 08:40:11,272 [INFO]   ======================================================================
2026-04-06 08:40:11,272 [INFO]   Call Wall (Resistance):       23000
2026-04-06 08:40:11,272 [INFO]   Put Wall (Support):           22600
2026-04-06 08:40:11,272 [INFO]   Peak Gamma (Magnet):          22700
2026-04-06 08:40:11,272 [INFO]   Max Pain (Expiry Pin):        22700
2026-04-06 08:40:11,272 [INFO]   BIAS: STRONG BULL (score: +6/7)
2026-04-06 08:40:11,272 [INFO]   EXPECTED MOVE (1-day, 1SD):
2026-04-06 08:40:11,272 [INFO]   Daily:  22239 - 23099  (±430)
2026-04-06 08:40:11,273 [INFO]   OI CHANGE: BUILDUP
2026-04-06 08:40:11,273 [INFO]   ======================================================================
2026-04-06 08:40:11,273 [INFO]   Spot price: 51670.3
2026-04-06 08:40:11,273 [INFO]   ======================================================================
2026-04-06 08:40:11,273 [INFO]   GEX REPORT - BANKNIFTY | Spot: 51670.30 | Expiry: 2026-04-28
2026-04-06 08:40:11,273 [INFO]   ======================================================================
2026-04-06 08:40:11,273 [INFO]   Call Wall (Resistance):       55000
2026-04-06 08:40:11,273 [INFO]   Put Wall (Support):           52000
2026-04-06 08:40:11,273 [INFO]   Peak Gamma (Magnet):          52000
2026-04-06 08:40:11,274 [INFO]   Max Pain (Expiry Pin):        54000
2026-04-06 08:40:11,274 [INFO]   BIAS: BULL (score: +3/7)
2026-04-06 08:40:11,274 [INFO]   EXPECTED MOVE (1-day, 1SD):
2026-04-06 08:40:11,274 [INFO]   Daily:  50806 - 52534  (±864)
2026-04-06 08:40:11,274 [INFO]   OI CHANGE: BUILDUP
2026-04-06 08:40:11,274 [INFO]   ======================================================================
2026-04-06 08:40:11,296 [INFO] Pine file loaded: 310 lines, 22588 chars
2026-04-06 08:40:11,383 [INFO] Connecting to CDP on port 9222...
2026-04-06 08:40:13,454 [INFO] Found TradingView tab: https://in.tradingview.com/chart/QBtPHOpr/
2026-04-06 08:40:13,454 [DEBUG] WebSocket URL: ws://localhost:9222/devtools/page/C094AC7EF1C794BAA1A5D0ECD56778F3
2026-04-06 08:40:15,546 [INFO] CDP WebSocket connected
2026-04-06 08:40:15,554 [INFO] Opening Pine Editor panel...
2026-04-06 08:40:15,565 [INFO]   Editor panel: OK:api
2026-04-06 08:40:16,566 [INFO]   Looking for Open/New buttons to initialize Monaco...
2026-04-06 08:40:16,824 [INFO]   Button: clicked:pine-dialog
2026-04-06 08:40:16,824 [INFO]   Waiting for Monaco editor...
2026-04-06 08:40:16,985 [INFO]   Monaco ready (attempt 1)
2026-04-06 08:40:16,985 [INFO] Injecting Pine Script (310 lines)...
2026-04-06 08:40:17,100 [INFO]   Result: OK:311
2026-04-06 08:40:17,602 [INFO] Compiling...
2026-04-06 08:40:17,656 [INFO]   Button clicked: Pine Save
2026-04-06 08:40:17,656 [INFO] Waiting for compilation (3s)...
2026-04-06 08:40:20,660 [INFO] Compiled clean - 0 errors
2026-04-06 08:40:20,660 [INFO] DONE - pushed in 15.6s
2026-04-06 08:51:16,646 [INFO] ============================================================
2026-04-06 08:51:16,646 [INFO]   GEX Push - 2026-04-06 08:51:16
2026-04-06 08:51:16,647 [INFO] ============================================================
2026-04-06 08:51:16,647 [INFO] Running gex_tv_push.py to fetch data and generate Pine...
2026-04-06 08:51:22,935 [INFO]   ==================================================
2026-04-06 08:51:22,935 [INFO]   ==================================================
2026-04-06 08:51:22,935 [INFO]   Spot price: 22713
2026-04-06 08:51:22,935 [INFO]   ======================================================================
2026-04-06 08:51:22,936 [INFO]   GEX REPORT - NIFTY | Spot: 22713.00 | Expiry: 2026-04-07
2026-04-06 08:51:22,936 [INFO]   ======================================================================
2026-04-06 08:51:22,936 [INFO]   Call Wall (Resistance):       23000
2026-04-06 08:51:22,936 [INFO]   Put Wall (Support):           22600
2026-04-06 08:51:22,936 [INFO]   Peak Gamma (Magnet):          22700
2026-04-06 08:51:22,936 [INFO]   Max Pain (Expiry Pin):        22700
2026-04-06 08:51:22,936 [INFO]   BIAS: BULL (score: +2/7)
2026-04-06 08:51:22,936 [INFO]   EXPECTED MOVE (1-day, 1SD):
2026-04-06 08:51:22,936 [INFO]   Daily:  22287 - 23139  (±426)
2026-04-06 08:51:22,936 [INFO]   OI CHANGE: BUILDUP
2026-04-06 08:51:22,936 [INFO]   ======================================================================
2026-04-06 08:51:22,936 [INFO]   Spot price: 51789
2026-04-06 08:51:22,936 [INFO]   ======================================================================
2026-04-06 08:51:22,936 [INFO]   GEX REPORT - BANKNIFTY | Spot: 51789.00 | Expiry: 2026-04-28
2026-04-06 08:51:22,936 [INFO]   ======================================================================
2026-04-06 08:51:22,936 [INFO]   Call Wall (Resistance):       55000
2026-04-06 08:51:22,936 [INFO]   Put Wall (Support):           52000
2026-04-06 08:51:22,938 [INFO]   Peak Gamma (Magnet):          52000
2026-04-06 08:51:22,938 [INFO]   Max Pain (Expiry Pin):        54000
2026-04-06 08:51:22,938 [INFO]   BIAS: BULL (score: +3/7)
2026-04-06 08:51:22,938 [INFO]   EXPECTED MOVE (1-day, 1SD):
2026-04-06 08:51:22,938 [INFO]   Daily:  50927 - 52651  (±862)
2026-04-06 08:51:22,938 [INFO]   OI CHANGE: BUILDUP
2026-04-06 08:51:22,938 [INFO]   ======================================================================
2026-04-06 08:51:22,959 [INFO] Pine file loaded: 312 lines, 22845 chars
2026-04-06 08:51:23,046 [INFO] Connecting to CDP on port 9222...
2026-04-06 08:51:25,116 [INFO] Found TradingView tab: https://in.tradingview.com/chart/QBtPHOpr/
2026-04-06 08:51:25,116 [DEBUG] WebSocket URL: ws://localhost:9222/devtools/page/C094AC7EF1C794BAA1A5D0ECD56778F3
2026-04-06 08:51:27,171 [INFO] CDP WebSocket connected
2026-04-06 08:51:27,174 [INFO] Opening Pine Editor panel...
2026-04-06 08:51:27,178 [INFO]   Editor panel: OK:api
2026-04-06 08:51:28,179 [INFO]   Looking for Open/New buttons to initialize Monaco...
2026-04-06 08:51:28,430 [INFO]   Button: clicked:pine-dialog
2026-04-06 08:51:28,430 [INFO]   Waiting for Monaco editor...
2026-04-06 08:51:28,576 [INFO]   Monaco ready (attempt 1)
2026-04-06 08:51:28,577 [INFO] Injecting Pine Script (312 lines)...
2026-04-06 08:51:28,680 [INFO]   Result: OK:313
2026-04-06 08:51:29,182 [INFO] Compiling...
2026-04-06 08:51:29,237 [INFO]   Button clicked: Pine Save
2026-04-06 08:51:29,238 [INFO] Waiting for compilation (3s)...
2026-04-06 08:51:32,242 [INFO] Compiled clean - 0 errors
2026-04-06 08:51:32,243 [INFO] DONE - pushed in 15.6s
2026-04-06 12:12:54,283 [INFO] ============================================================
2026-04-06 12:12:54,283 [INFO]   GEX Push - 2026-04-06 12:12:54
2026-04-06 12:12:54,283 [INFO] ============================================================
2026-04-06 12:12:54,297 [INFO] Pine file loaded: 312 lines, 22845 chars
2026-04-06 12:12:54,381 [INFO] Connecting to CDP on port 9222...
2026-04-06 12:12:56,454 [INFO] Found TradingView tab: https://in.tradingview.com/chart/Wf3l9DeZ/
2026-04-06 12:12:56,455 [DEBUG] WebSocket URL: ws://localhost:9222/devtools/page/CD1F02093F8573A608B677439F4C10A6
2026-04-06 12:12:58,505 [INFO] CDP WebSocket connected
2026-04-06 12:12:58,519 [INFO] Opening Pine Editor panel...
2026-04-06 12:12:58,525 [INFO]   Editor panel: OK:api
2026-04-06 12:12:59,527 [INFO]   Looking for Open/New buttons to initialize Monaco...
2026-04-06 12:12:59,772 [INFO]   Button: clicked:pine-dialog
2026-04-06 12:12:59,772 [INFO]   Waiting for Monaco editor...
2026-04-06 12:13:00,391 [INFO]   Monaco ready (attempt 2)
2026-04-06 12:13:00,392 [INFO] Injecting Pine Script (312 lines)...
2026-04-06 12:13:00,410 [INFO]   Result: OK:313
2026-04-06 12:13:00,912 [INFO] Compiling...
2026-04-06 12:13:00,973 [INFO]   Button clicked: Pine Save
2026-04-06 12:13:00,973 [INFO] Waiting for compilation (3s)...
2026-04-06 12:13:03,977 [INFO] Compiled clean - 0 errors
2026-04-06 12:13:03,979 [INFO] DONE - pushed in 9.7s
2026-04-06 12:13:30,962 [INFO] ============================================================
2026-04-06 12:13:30,962 [INFO]   GEX Push - 2026-04-06 12:13:30
2026-04-06 12:13:30,962 [INFO] ============================================================
2026-04-06 12:13:30,962 [INFO] Running gex_tv_push.py to fetch data and generate Pine...
2026-04-06 12:13:37,341 [INFO]   ==================================================
2026-04-06 12:13:37,341 [INFO]   ==================================================
2026-04-06 12:13:37,341 [INFO]   Spot price: 22968.25
2026-04-06 12:13:37,341 [INFO]   ======================================================================
2026-04-06 12:13:37,341 [INFO]   GEX REPORT - NIFTY | Spot: 22968.25 | Expiry: 2026-04-07
2026-04-06 12:13:37,342 [INFO]   ======================================================================
2026-04-06 12:13:37,342 [INFO]   Call Wall (Resistance):       23200
2026-04-06 12:13:37,342 [INFO]   Put Wall (Support):           22500
2026-04-06 12:13:37,342 [INFO]   Peak Gamma (Magnet):          23000
2026-04-06 12:13:37,342 [INFO]   Max Pain (Expiry Pin):        22950
2026-04-06 12:13:37,342 [INFO]   BIAS: BULL (score: +4/7)
2026-04-06 12:13:37,342 [INFO]   EXPECTED MOVE (1-day, 1SD):
2026-04-06 12:13:37,344 [INFO]   Daily:  22550 - 23386  (±418)
2026-04-06 12:13:37,344 [INFO]   OI CHANGE: BUILDUP
2026-04-06 12:13:37,344 [INFO]   ======================================================================
2026-04-06 12:13:37,344 [INFO]   Spot price: 52609.1
2026-04-06 12:13:37,344 [INFO]   ======================================================================
2026-04-06 12:13:37,345 [INFO]   GEX REPORT - BANKNIFTY | Spot: 52609.10 | Expiry: 2026-04-28
2026-04-06 12:13:37,345 [INFO]   ======================================================================
2026-04-06 12:13:37,345 [INFO]   Call Wall (Resistance):       55000
2026-04-06 12:13:37,345 [INFO]   Put Wall (Support):           52000
2026-04-06 12:13:37,345 [INFO]   Peak Gamma (Magnet):          55000
2026-04-06 12:13:37,346 [INFO]   Max Pain (Expiry Pin):        54000
2026-04-06 12:13:37,346 [INFO]   BIAS: STRONG BULL (score: +7/7)
2026-04-06 12:13:37,346 [INFO]   EXPECTED MOVE (1-day, 1SD):
2026-04-06 12:13:37,346 [INFO]   Daily:  51773 - 53445  (±836)
2026-04-06 12:13:37,346 [INFO]   OI CHANGE: BUILDUP
2026-04-06 12:13:37,347 [INFO]   ======================================================================
2026-04-06 12:13:37,363 [INFO] Pine file loaded: 312 lines, 22845 chars
2026-04-06 12:13:37,448 [INFO] Connecting to CDP on port 9222...
2026-04-06 12:13:39,522 [INFO] Found TradingView tab: https://in.tradingview.com/chart/Wf3l9DeZ/
2026-04-06 12:13:39,522 [DEBUG] WebSocket URL: ws://localhost:9222/devtools/page/CD1F02093F8573A608B677439F4C10A6
2026-04-06 12:13:41,572 [INFO] CDP WebSocket connected
2026-04-06 12:13:41,584 [INFO] Opening Pine Editor panel...
2026-04-06 12:13:41,586 [INFO]   Monaco already ready
2026-04-06 12:13:41,588 [INFO] Injecting Pine Script (312 lines)...
2026-04-06 12:13:41,628 [INFO]   Result: OK:313
2026-04-06 12:13:42,129 [INFO] Compiling...
2026-04-06 12:13:42,188 [INFO]   Button clicked: Pine Save
2026-04-06 12:13:42,190 [INFO] Waiting for compilation (3s)...
2026-04-06 12:13:45,193 [INFO] Compiled clean - 0 errors
2026-04-06 12:13:45,194 [INFO] DONE - pushed in 14.2s
2026-04-06 12:14:44,170 [INFO] ============================================================
2026-04-06 12:14:44,170 [INFO]   GEX Push - 2026-04-06 12:14:44
2026-04-06 12:14:44,170 [INFO] ============================================================
2026-04-06 12:14:44,170 [INFO] Running gex_tv_push.py to fetch data and generate Pine...
2026-04-06 12:14:50,410 [INFO]   ==================================================
2026-04-06 12:14:50,410 [INFO]   ==================================================
2026-04-06 12:14:50,410 [INFO]   Spot price: 22968.25
2026-04-06 12:14:50,411 [INFO]   ======================================================================
2026-04-06 12:14:50,411 [INFO]   GEX REPORT - NIFTY | Spot: 22968.25 | Expiry: 2026-04-07
2026-04-06 12:14:50,411 [INFO]   ======================================================================
2026-04-06 12:14:50,411 [INFO]   Call Wall (Resistance):       23200
2026-04-06 12:14:50,412 [INFO]   Put Wall (Support):           22500
2026-04-06 12:14:50,412 [INFO]   Peak Gamma (Magnet):          23000
2026-04-06 12:14:50,412 [INFO]   Max Pain (Expiry Pin):        22950
2026-04-06 12:14:50,412 [INFO]   BIAS: BULL (score: +4/7)
2026-04-06 12:14:50,412 [INFO]   EXPECTED MOVE (1-day, 1SD):
2026-04-06 12:14:50,413 [INFO]   Daily:  22550 - 23386  (±418)
2026-04-06 12:14:50,413 [INFO]   OI CHANGE: BUILDUP
2026-04-06 12:14:50,413 [INFO]   ======================================================================
2026-04-06 12:14:50,413 [INFO]   Spot price: 52609.1
2026-04-06 12:14:50,413 [INFO]   ======================================================================
2026-04-06 12:14:50,413 [INFO]   GEX REPORT - BANKNIFTY | Spot: 52609.10 | Expiry: 2026-04-28
2026-04-06 12:14:50,413 [INFO]   ======================================================================
2026-04-06 12:14:50,414 [INFO]   Call Wall (Resistance):       55000
2026-04-06 12:14:50,414 [INFO]   Put Wall (Support):           52000
2026-04-06 12:14:50,414 [INFO]   Peak Gamma (Magnet):          55000
2026-04-06 12:14:50,414 [INFO]   Max Pain (Expiry Pin):        54000
2026-04-06 12:14:50,414 [INFO]   BIAS: STRONG BULL (score: +7/7)
2026-04-06 12:14:50,414 [INFO]   EXPECTED MOVE (1-day, 1SD):
2026-04-06 12:14:50,415 [INFO]   Daily:  51773 - 53445  (±836)
2026-04-06 12:14:50,415 [INFO]   OI CHANGE: BUILDUP
2026-04-06 12:14:50,415 [INFO]   ======================================================================
2026-04-06 12:14:50,432 [INFO] Pine file loaded: 312 lines, 22845 chars
2026-04-06 12:14:50,512 [INFO] Connecting to CDP on port 9222...
2026-04-06 12:14:52,590 [INFO] Found TradingView tab: https://in.tradingview.com/chart/Wf3l9DeZ/
2026-04-06 12:14:52,592 [DEBUG] WebSocket URL: ws://localhost:9222/devtools/page/CD1F02093F8573A608B677439F4C10A6
2026-04-06 12:14:54,651 [INFO] CDP WebSocket connected
2026-04-06 12:14:54,670 [INFO] Opening Pine Editor panel...
2026-04-06 12:14:54,676 [INFO]   Editor panel: OK:api
2026-04-06 12:14:55,678 [INFO]   Looking for Open/New buttons to initialize Monaco...
2026-04-06 12:14:55,895 [INFO]   Button: clicked:pine-dialog
2026-04-06 12:14:55,896 [INFO]   Waiting for Monaco editor...
2026-04-06 12:14:55,992 [INFO]   Monaco ready (attempt 1)
2026-04-06 12:14:55,993 [INFO] Injecting Pine Script (312 lines)...
2026-04-06 12:14:56,090 [INFO]   Result: OK:313
2026-04-06 12:14:56,592 [INFO] Compiling...
2026-04-06 12:14:56,636 [INFO]   Button clicked: Pine Save
2026-04-06 12:14:56,636 [INFO] Waiting for compilation (3s)...
2026-04-06 12:14:59,639 [INFO] Compiled clean - 0 errors
2026-04-06 12:14:59,640 [INFO] DONE - pushed in 15.5s
2026-04-06 12:23:51,681 [INFO] ============================================================
2026-04-06 12:23:51,681 [INFO]   GEX Push - 2026-04-06 12:23:51
2026-04-06 12:23:51,681 [INFO] ============================================================
2026-04-06 12:23:51,682 [INFO] Pine file loaded: 355 lines, 28193 chars
2026-04-06 12:23:51,759 [INFO] Connecting to CDP on port 9222...
2026-04-06 12:23:53,808 [INFO] Found TradingView tab: https://in.tradingview.com/chart/Wf3l9DeZ/
2026-04-06 12:23:53,808 [DEBUG] WebSocket URL: ws://localhost:9222/devtools/page/CD1F02093F8573A608B677439F4C10A6
2026-04-06 12:23:55,871 [INFO] CDP WebSocket connected
2026-04-06 12:23:55,878 [INFO] Opening Pine Editor panel...
2026-04-06 12:23:55,883 [INFO]   Editor panel: OK:api
2026-04-06 12:23:56,884 [INFO]   Looking for Open/New buttons to initialize Monaco...
2026-04-06 12:23:57,146 [INFO]   Button: clicked:pine-dialog
2026-04-06 12:23:57,146 [INFO]   Waiting for Monaco editor...
2026-04-06 12:23:57,258 [INFO]   Monaco ready (attempt 1)
2026-04-06 12:23:57,258 [INFO] Injecting Pine Script (355 lines)...
2026-04-06 12:23:57,342 [INFO]   Result: OK:356
2026-04-06 12:23:57,844 [INFO] Compiling...
2026-04-06 12:23:57,917 [INFO]   Button clicked: Pine Save
2026-04-06 12:23:57,917 [INFO] Waiting for compilation (3s)...
2026-04-06 12:24:00,919 [INFO] Compiled clean - 0 errors
2026-04-06 12:24:00,921 [INFO] DONE - pushed in 9.2s
2026-04-06 13:00:43,321 [INFO] ============================================================
2026-04-06 13:00:43,322 [INFO]   GEX Push - 2026-04-06 13:00:43
2026-04-06 13:00:43,322 [INFO] ============================================================
2026-04-06 13:00:43,323 [INFO] Running gex_tv_push.py to fetch data and generate Pine...
2026-04-06 13:00:49,832 [INFO]   ==================================================
2026-04-06 13:00:49,833 [INFO]   ==================================================
2026-04-06 13:00:49,833 [INFO]   Spot price: 22968.25
2026-04-06 13:00:49,833 [INFO]   ======================================================================
2026-04-06 13:00:49,833 [INFO]   GEX REPORT - NIFTY | Spot: 22968.25 | Expiry: 2026-04-07
2026-04-06 13:00:49,834 [INFO]   ======================================================================
2026-04-06 13:00:49,834 [INFO]   Call Wall (Resistance):       23200
2026-04-06 13:00:49,834 [INFO]   Put Wall (Support):           22500
2026-04-06 13:00:49,834 [INFO]   Peak Gamma (Magnet):          23000
2026-04-06 13:00:49,834 [INFO]   Max Pain (Expiry Pin):        22950
2026-04-06 13:00:49,834 [INFO]   BIAS: BULL (score: +4/7)
2026-04-06 13:00:49,834 [INFO]   EXPECTED MOVE (1-day, 1SD):
2026-04-06 13:00:49,836 [INFO]   Daily:  22550 - 23386  (±418)
2026-04-06 13:00:49,836 [INFO]   OI CHANGE: BUILDUP
2026-04-06 13:00:49,836 [INFO]   ======================================================================
2026-04-06 13:00:49,836 [INFO]   Spot price: 52609.1
2026-04-06 13:00:49,836 [INFO]   ======================================================================
2026-04-06 13:00:49,837 [INFO]   GEX REPORT - BANKNIFTY | Spot: 52609.10 | Expiry: 2026-04-28
2026-04-06 13:00:49,837 [INFO]   ======================================================================
2026-04-06 13:00:49,837 [INFO]   Call Wall (Resistance):       55000
2026-04-06 13:00:49,837 [INFO]   Put Wall (Support):           52000
2026-04-06 13:00:49,837 [INFO]   Peak Gamma (Magnet):          55000
2026-04-06 13:00:49,837 [INFO]   Max Pain (Expiry Pin):        54000
2026-04-06 13:00:49,837 [INFO]   BIAS: STRONG BULL (score: +7/7)
2026-04-06 13:00:49,837 [INFO]   EXPECTED MOVE (1-day, 1SD):
2026-04-06 13:00:49,839 [INFO]   Daily:  51773 - 53445  (±836)
2026-04-06 13:00:49,839 [INFO]   OI CHANGE: BUILDUP
2026-04-06 13:00:49,839 [INFO]   ======================================================================
2026-04-06 13:00:49,863 [INFO] Pine file loaded: 383 lines, 33355 chars
2026-04-06 13:00:49,942 [INFO] Connecting to CDP on port 9222...
2026-04-06 13:00:52,032 [INFO] Found TradingView tab: https://in.tradingview.com/chart/Wf3l9DeZ/
2026-04-06 13:00:52,033 [DEBUG] WebSocket URL: ws://localhost:9222/devtools/page/CD1F02093F8573A608B677439F4C10A6
2026-04-06 13:00:54,106 [INFO] CDP WebSocket connected
2026-04-06 13:00:54,125 [INFO] Opening Pine Editor panel...
2026-04-06 13:00:54,131 [INFO]   Editor panel: OK:api
2026-04-06 13:00:55,132 [INFO]   Looking for Open/New buttons to initialize Monaco...
2026-04-06 13:00:55,487 [INFO]   Button: clicked:pine-dialog
2026-04-06 13:00:55,487 [INFO]   Waiting for Monaco editor...
2026-04-06 13:00:55,607 [INFO]   Monaco ready (attempt 1)
2026-04-06 13:00:55,609 [INFO] Injecting Pine Script (383 lines)...
2026-04-06 13:00:55,712 [INFO]   Result: OK:384
2026-04-06 13:00:56,213 [INFO] Compiling...
2026-04-06 13:00:56,285 [INFO]   Button clicked: Pine Save
2026-04-06 13:00:56,285 [INFO] Waiting for compilation (3s)...
2026-04-06 13:00:59,288 [INFO] Compiled clean - 0 errors
2026-04-06 13:00:59,289 [INFO] DONE - pushed in 16.0s
2026-04-06 14:09:54,747 [INFO] ============================================================
2026-04-06 14:09:54,748 [INFO]   GEX Push - 2026-04-06 14:09:54
2026-04-06 14:09:54,748 [INFO] ============================================================
2026-04-06 14:09:54,748 [INFO] Running gex_tv_push.py to fetch data and generate Pine...
2026-04-06 14:10:06,604 [INFO]   ==================================================
2026-04-06 14:10:06,604 [INFO]   ==================================================
2026-04-06 14:10:06,604 [INFO]   Spot price: 22968.25
2026-04-06 14:10:06,604 [INFO]   ======================================================================
2026-04-06 14:10:06,605 [INFO]   GEX REPORT - NIFTY | Spot: 22968.25 | Expiry: 2026-04-07
2026-04-06 14:10:06,605 [INFO]   ======================================================================
2026-04-06 14:10:06,605 [INFO]   Call Wall (Resistance):       23200
2026-04-06 14:10:06,605 [INFO]   Put Wall (Support):           22500
2026-04-06 14:10:06,606 [INFO]   Peak Gamma (Magnet):          23000
2026-04-06 14:10:06,606 [INFO]   Max Pain (Expiry Pin):        22950
2026-04-06 14:10:06,606 [INFO]   BIAS: BULL (score: +4/7)
2026-04-06 14:10:06,606 [INFO]   EXPECTED MOVE (1-day, 1SD):
2026-04-06 14:10:06,606 [INFO]   Daily:  22550 - 23386  (±418)
2026-04-06 14:10:06,607 [INFO]   OI CHANGE: BUILDUP
2026-04-06 14:10:06,607 [INFO]   ======================================================================
2026-04-06 14:10:06,607 [INFO]   Spot price: 52609.1
2026-04-06 14:10:06,607 [INFO]   ======================================================================
2026-04-06 14:10:06,607 [INFO]   GEX REPORT - BANKNIFTY | Spot: 52609.10 | Expiry: 2026-04-28
2026-04-06 14:10:06,608 [INFO]   ======================================================================
2026-04-06 14:10:06,608 [INFO]   Call Wall (Resistance):       55000
2026-04-06 14:10:06,608 [INFO]   Put Wall (Support):           52000
2026-04-06 14:10:06,608 [INFO]   Peak Gamma (Magnet):          55000
2026-04-06 14:10:06,608 [INFO]   Max Pain (Expiry Pin):        54000
2026-04-06 14:10:06,608 [INFO]   BIAS: STRONG BULL (score: +7/7)
2026-04-06 14:10:06,609 [INFO]   EXPECTED MOVE (1-day, 1SD):
2026-04-06 14:10:06,609 [INFO]   Daily:  51773 - 53445  (±836)
2026-04-06 14:10:06,609 [INFO]   OI CHANGE: BUILDUP
2026-04-06 14:10:06,609 [INFO]   ======================================================================
2026-04-06 14:10:06,609 [INFO]   Spot price: 148308
2026-04-06 14:10:06,609 [INFO]   ======================================================================
2026-04-06 14:10:06,610 [INFO]   GEX REPORT - GOLD | Spot: 148308.00 | Expiry: 2026-04-30
2026-04-06 14:10:06,610 [INFO]   ======================================================================
2026-04-06 14:10:06,610 [INFO]   Call Wall (Resistance):      160000
2026-04-06 14:10:06,610 [INFO]   Put Wall (Support):          145000
2026-04-06 14:10:06,610 [INFO]   Peak Gamma (Magnet):         150000
2026-04-06 14:10:06,610 [INFO]   Max Pain (Expiry Pin):       150000
2026-04-06 14:10:06,611 [INFO]   BIAS: NEUTRAL (score: +1/7)
2026-04-06 14:10:06,611 [INFO]   EXPECTED MOVE (1-day, 1SD):
2026-04-06 14:10:06,611 [INFO]   Daily:  145329 - 151287  (±2979)
2026-04-06 14:10:06,611 [INFO]   OI CHANGE: No previous data (first run)
2026-04-06 14:10:06,611 [INFO]   ======================================================================
2026-04-06 14:10:06,611 [INFO]   ==================================================
2026-04-06 14:10:06,611 [INFO]   ==================================================
2026-04-06 14:10:06,612 [INFO]   Call Wall       $5,343.91
2026-04-06 14:10:06,612 [INFO]   Put Wall        $4,842.92
2026-04-06 14:10:06,612 [INFO]   Peak Gamma      $5,009.91
2026-04-06 14:10:06,612 [INFO]   Max Pain        $5,009.91
2026-04-06 14:10:06,631 [INFO] Pine file loaded: 565 lines, 52475 chars
2026-04-06 14:10:06,709 [INFO] Connecting to CDP on port 9222...
2026-04-06 14:10:08,784 [INFO] Found TradingView tab: https://in.tradingview.com/chart/QBtPHOpr/
2026-04-06 14:10:08,785 [DEBUG] WebSocket URL: ws://localhost:9222/devtools/page/52EE5518A0E7051C398474C098D01D2C
2026-04-06 14:10:10,844 [INFO] CDP WebSocket connected
2026-04-06 14:10:10,856 [INFO] Opening Pine Editor panel...
2026-04-06 14:10:10,863 [INFO]   Editor panel: OK:api
2026-04-06 14:10:11,864 [INFO]   Looking for Open/New buttons to initialize Monaco...
2026-04-06 14:10:11,894 [INFO]   Button: clicked:pine-dialog
2026-04-06 14:10:11,894 [INFO]   Waiting for Monaco editor...
2026-04-06 14:10:14,264 [INFO]   Monaco ready (attempt 5)
2026-04-06 14:10:14,265 [INFO] Injecting Pine Script (565 lines)...
2026-04-06 14:10:14,449 [INFO]   Result: OK:566
2026-04-06 14:10:14,949 [INFO] Compiling...
2026-04-06 14:10:14,995 [INFO]   Button clicked: Pine Save
2026-04-06 14:10:14,995 [INFO] Waiting for compilation (3s)...
2026-04-06 14:10:18,000 [INFO] Compiled clean - 0 errors
2026-04-06 14:10:18,001 [INFO] DONE - pushed in 23.3s
2026-04-06 14:15:16,265 [INFO] ============================================================
2026-04-06 14:15:16,265 [INFO]   GEX Push - 2026-04-06 14:15:16
2026-04-06 14:15:16,265 [INFO] ============================================================
2026-04-06 14:15:16,265 [INFO] Running gex_tv_push.py to fetch data and generate Pine...
2026-04-06 14:15:28,276 [INFO]   ==================================================
2026-04-06 14:15:28,276 [INFO]   ==================================================
2026-04-06 14:15:28,276 [INFO]   Spot price: 22968.25
2026-04-06 14:15:28,276 [INFO]   ======================================================================
2026-04-06 14:15:28,276 [INFO]   GEX REPORT - NIFTY | Spot: 22968.25 | Expiry: 2026-04-07
2026-04-06 14:15:28,276 [INFO]   ======================================================================
2026-04-06 14:15:28,278 [INFO]   Call Wall (Resistance):       23200
2026-04-06 14:15:28,278 [INFO]   Put Wall (Support):           22500
2026-04-06 14:15:28,278 [INFO]   Peak Gamma (Magnet):          23000
2026-04-06 14:15:28,278 [INFO]   Max Pain (Expiry Pin):        22950
2026-04-06 14:15:28,278 [INFO]   BIAS: BULL (score: +4/7)
2026-04-06 14:15:28,278 [INFO]   EXPECTED MOVE (1-day, 1SD):
2026-04-06 14:15:28,278 [INFO]   Daily:  22550 - 23386  (±418)
2026-04-06 14:15:28,278 [INFO]   OI CHANGE: BUILDUP
2026-04-06 14:15:28,278 [INFO]   ======================================================================
2026-04-06 14:15:28,279 [INFO]   Spot price: 52609.1
2026-04-06 14:15:28,279 [INFO]   ======================================================================
2026-04-06 14:15:28,279 [INFO]   GEX REPORT - BANKNIFTY | Spot: 52609.10 | Expiry: 2026-04-28
2026-04-06 14:15:28,279 [INFO]   ======================================================================
2026-04-06 14:15:28,279 [INFO]   Call Wall (Resistance):       55000
2026-04-06 14:15:28,279 [INFO]   Put Wall (Support):           52000
2026-04-06 14:15:28,279 [INFO]   Peak Gamma (Magnet):          55000
2026-04-06 14:15:28,279 [INFO]   Max Pain (Expiry Pin):        54000
2026-04-06 14:15:28,281 [INFO]   BIAS: STRONG BULL (score: +7/7)
2026-04-06 14:15:28,281 [INFO]   EXPECTED MOVE (1-day, 1SD):
2026-04-06 14:15:28,281 [INFO]   Daily:  51773 - 53445  (±836)
2026-04-06 14:15:28,281 [INFO]   OI CHANGE: BUILDUP
2026-04-06 14:15:28,281 [INFO]   ======================================================================
2026-04-06 14:15:28,281 [INFO]   Spot price: 148308
2026-04-06 14:15:28,282 [INFO]   ======================================================================
2026-04-06 14:15:28,282 [INFO]   GEX REPORT - GOLD | Spot: 148308.00 | Expiry: 2026-04-30
2026-04-06 14:15:28,282 [INFO]   ======================================================================
2026-04-06 14:15:28,282 [INFO]   Call Wall (Resistance):      150000
2026-04-06 14:15:28,282 [INFO]   Put Wall (Support):          145000
2026-04-06 14:15:28,282 [INFO]   Peak Gamma (Magnet):         150000
2026-04-06 14:15:28,282 [INFO]   Max Pain (Expiry Pin):       150000
2026-04-06 14:15:28,283 [INFO]   BIAS: STRONG BULL (score: +7/7)
2026-04-06 14:15:28,283 [INFO]   EXPECTED MOVE (1-day, 1SD):
2026-04-06 14:15:28,283 [INFO]   Daily:  145329 - 151287  (±2979)
2026-04-06 14:15:28,283 [INFO]   OI CHANGE: No previous data (first run)
2026-04-06 14:15:28,283 [INFO]   ======================================================================
2026-04-06 14:15:28,283 [INFO]   ==================================================
2026-04-06 14:15:28,283 [INFO]   ==================================================
2026-04-06 14:15:28,284 [INFO]   Call Wall       $5,009.91
2026-04-06 14:15:28,284 [INFO]   Put Wall        $4,842.92
2026-04-06 14:15:28,284 [INFO]   Peak Gamma      $5,009.91
2026-04-06 14:15:28,284 [INFO]   Max Pain        $5,009.91
2026-04-06 14:15:28,301 [INFO] Pine file loaded: 453 lines, 45228 chars
2026-04-06 14:15:28,379 [INFO] Connecting to CDP on port 9222...
2026-04-06 14:15:30,464 [INFO] Found TradingView tab: https://in.tradingview.com/chart/QBtPHOpr/
2026-04-06 14:15:30,464 [DEBUG] WebSocket URL: ws://localhost:9222/devtools/page/52EE5518A0E7051C398474C098D01D2C
2026-04-06 14:15:32,525 [INFO] CDP WebSocket connected
2026-04-06 14:15:32,535 [INFO] Opening Pine Editor panel...
2026-04-06 14:15:32,542 [INFO]   Editor panel: OK:api
2026-04-06 14:15:33,543 [INFO]   Looking for Open/New buttons to initialize Monaco...
2026-04-06 14:15:33,804 [INFO]   Button: clicked:pine-dialog
2026-04-06 14:15:33,804 [INFO]   Waiting for Monaco editor...
2026-04-06 14:15:33,934 [INFO]   Monaco ready (attempt 1)
2026-04-06 14:15:33,935 [INFO] Injecting Pine Script (453 lines)...
2026-04-06 14:15:34,085 [INFO]   Result: OK:454
2026-04-06 14:15:34,586 [INFO] Compiling...
2026-04-06 14:15:34,637 [INFO]   Button clicked: Pine Save
2026-04-06 14:15:34,637 [INFO] Waiting for compilation (3s)...
2026-04-06 14:15:37,641 [INFO] Compiled clean - 0 errors
2026-04-06 14:15:37,641 [INFO] DONE - pushed in 21.4s
2026-04-06 14:21:37,645 [INFO] ============================================================
2026-04-06 14:21:37,645 [INFO]   GEX Push - 2026-04-06 14:21:37
2026-04-06 14:21:37,645 [INFO] ============================================================
2026-04-06 14:21:37,646 [INFO] Running gex_tv_push.py to fetch data and generate Pine...
2026-04-06 14:21:49,063 [INFO]   ==================================================
2026-04-06 14:21:49,063 [INFO]   ==================================================
2026-04-06 14:21:49,063 [INFO]   Spot price: 22968.25
2026-04-06 14:21:49,064 [INFO]   ======================================================================
2026-04-06 14:21:49,064 [INFO]   GEX REPORT - NIFTY | Spot: 22968.25 | Expiry: 2026-04-07
2026-04-06 14:21:49,064 [INFO]   ======================================================================
2026-04-06 14:21:49,064 [INFO]   Call Wall (Resistance):       23200
2026-04-06 14:21:49,065 [INFO]   Put Wall (Support):           22500
2026-04-06 14:21:49,065 [INFO]   Peak Gamma (Magnet):          23000
2026-04-06 14:21:49,065 [INFO]   Max Pain (Expiry Pin):        22950
2026-04-06 14:21:49,066 [INFO]   BIAS: BULL (score: +4/7)
2026-04-06 14:21:49,066 [INFO]   EXPECTED MOVE (1-day, 1SD):
2026-04-06 14:21:49,066 [INFO]   Daily:  22550 - 23386  (±418)
2026-04-06 14:21:49,066 [INFO]   OI CHANGE: BUILDUP
2026-04-06 14:21:49,066 [INFO]   ======================================================================
2026-04-06 14:21:49,066 [INFO]   Spot price: 52609.1
2026-04-06 14:21:49,068 [INFO]   ======================================================================
2026-04-06 14:21:49,068 [INFO]   GEX REPORT - BANKNIFTY | Spot: 52609.10 | Expiry: 2026-04-28
2026-04-06 14:21:49,068 [INFO]   ======================================================================
2026-04-06 14:21:49,068 [INFO]   Call Wall (Resistance):       55000
2026-04-06 14:21:49,068 [INFO]   Put Wall (Support):           52000
2026-04-06 14:21:49,069 [INFO]   Peak Gamma (Magnet):          55000
2026-04-06 14:21:49,069 [INFO]   Max Pain (Expiry Pin):        54000
2026-04-06 14:21:49,069 [INFO]   BIAS: STRONG BULL (score: +7/7)
2026-04-06 14:21:49,069 [INFO]   EXPECTED MOVE (1-day, 1SD):
2026-04-06 14:21:49,070 [INFO]   Daily:  51773 - 53445  (±836)
2026-04-06 14:21:49,070 [INFO]   OI CHANGE: BUILDUP
2026-04-06 14:21:49,070 [INFO]   ======================================================================
2026-04-06 14:21:49,070 [INFO]   Spot price: 148308
2026-04-06 14:21:49,070 [INFO]   ======================================================================
2026-04-06 14:21:49,071 [INFO]   GEX REPORT - GOLD | Spot: 148308.00 | Expiry: 2026-04-30
2026-04-06 14:21:49,071 [INFO]   ======================================================================
2026-04-06 14:21:49,071 [INFO]   Call Wall (Resistance):      150000
2026-04-06 14:21:49,071 [INFO]   Put Wall (Support):          145000
2026-04-06 14:21:49,071 [INFO]   Peak Gamma (Magnet):         150000
2026-04-06 14:21:49,072 [INFO]   Max Pain (Expiry Pin):       150000
2026-04-06 14:21:49,072 [INFO]   BIAS: STRONG BULL (score: +7/7)
2026-04-06 14:21:49,072 [INFO]   EXPECTED MOVE (1-day, 1SD):
2026-04-06 14:21:49,072 [INFO]   Daily:  145329 - 151287  (±2979)
2026-04-06 14:21:49,072 [INFO]   OI CHANGE: No previous data (first run)
2026-04-06 14:21:49,073 [INFO]   ======================================================================
2026-04-06 14:21:49,073 [INFO]   ==================================================
2026-04-06 14:21:49,073 [INFO]   ==================================================
2026-04-06 14:21:49,073 [INFO]   Call Wall       $5,009.91
2026-04-06 14:21:49,073 [INFO]   Put Wall        $4,842.92
2026-04-06 14:21:49,074 [INFO]   Peak Gamma      $5,009.91
2026-04-06 14:21:49,074 [INFO]   Max Pain        $5,009.91
2026-04-06 14:21:49,093 [INFO] Pine file loaded: 458 lines, 46076 chars
2026-04-06 14:21:49,181 [INFO] Connecting to CDP on port 9222...
2026-04-06 14:21:51,255 [INFO] Found TradingView tab: https://in.tradingview.com/chart/QBtPHOpr/
2026-04-06 14:21:51,255 [DEBUG] WebSocket URL: ws://localhost:9222/devtools/page/52EE5518A0E7051C398474C098D01D2C
2026-04-06 14:21:53,345 [INFO] CDP WebSocket connected
2026-04-06 14:21:53,355 [INFO] Opening Pine Editor panel...
2026-04-06 14:21:53,365 [INFO]   Editor panel: OK:api
2026-04-06 14:21:54,366 [INFO]   Looking for Open/New buttons to initialize Monaco...
2026-04-06 14:21:54,596 [INFO]   Button: clicked:pine-dialog
2026-04-06 14:21:54,596 [INFO]   Waiting for Monaco editor...
2026-04-06 14:21:54,697 [INFO]   Monaco ready (attempt 1)
2026-04-06 14:21:54,697 [INFO] Injecting Pine Script (458 lines)...
2026-04-06 14:21:54,799 [INFO]   Result: OK:459
2026-04-06 14:21:55,299 [INFO] Compiling...
2026-04-06 14:21:55,304 [INFO]   Button clicked: Pine Save
2026-04-06 14:21:55,305 [INFO] Waiting for compilation (3s)...
2026-04-06 14:21:58,309 [INFO] Compiled clean - 0 errors
2026-04-06 14:21:58,309 [INFO] DONE - pushed in 20.7s
2026-04-06 14:22:32,365 [INFO] ============================================================
2026-04-06 14:22:32,365 [INFO]   GEX Push - 2026-04-06 14:22:32
2026-04-06 14:22:32,365 [INFO] ============================================================
2026-04-06 14:22:32,366 [INFO] Running gex_tv_push.py to fetch data and generate Pine...
2026-04-06 14:22:43,341 [INFO]   ==================================================
2026-04-06 14:22:43,341 [INFO]   ==================================================
2026-04-06 14:22:43,341 [INFO]   Spot price: 22968.25
2026-04-06 14:22:43,341 [INFO]   ======================================================================
2026-04-06 14:22:43,342 [INFO]   GEX REPORT - NIFTY | Spot: 22968.25 | Expiry: 2026-04-07
2026-04-06 14:22:43,342 [INFO]   ======================================================================
2026-04-06 14:22:43,342 [INFO]   Call Wall (Resistance):       23200
2026-04-06 14:22:43,342 [INFO]   Put Wall (Support):           22500
2026-04-06 14:22:43,342 [INFO]   Peak Gamma (Magnet):          23000
2026-04-06 14:22:43,342 [INFO]   Max Pain (Expiry Pin):        22950
2026-04-06 14:22:43,343 [INFO]   BIAS: BULL (score: +4/7)
2026-04-06 14:22:43,343 [INFO]   EXPECTED MOVE (1-day, 1SD):
2026-04-06 14:22:43,343 [INFO]   Daily:  22550 - 23386  (±418)
2026-04-06 14:22:43,344 [INFO]   OI CHANGE: BUILDUP
2026-04-06 14:22:43,344 [INFO]   ======================================================================
2026-04-06 14:22:43,344 [INFO]   Spot price: 52609.1
2026-04-06 14:22:43,344 [INFO]   ======================================================================
2026-04-06 14:22:43,344 [INFO]   GEX REPORT - BANKNIFTY | Spot: 52609.10 | Expiry: 2026-04-28
2026-04-06 14:22:43,344 [INFO]   ======================================================================
2026-04-06 14:22:43,344 [INFO]   Call Wall (Resistance):       55000
2026-04-06 14:22:43,344 [INFO]   Put Wall (Support):           52000
2026-04-06 14:22:43,344 [INFO]   Peak Gamma (Magnet):          55000
2026-04-06 14:22:43,345 [INFO]   Max Pain (Expiry Pin):        54000
2026-04-06 14:22:43,345 [INFO]   BIAS: STRONG BULL (score: +7/7)
2026-04-06 14:22:43,345 [INFO]   EXPECTED MOVE (1-day, 1SD):
2026-04-06 14:22:43,345 [INFO]   Daily:  51773 - 53445  (±836)
2026-04-06 14:22:43,345 [INFO]   OI CHANGE: BUILDUP
2026-04-06 14:22:43,345 [INFO]   ======================================================================
2026-04-06 14:22:43,345 [INFO]   Spot price: 148308
2026-04-06 14:22:43,345 [INFO]   ======================================================================
2026-04-06 14:22:43,346 [INFO]   GEX REPORT - GOLD | Spot: 148308.00 | Expiry: 2026-04-30
2026-04-06 14:22:43,346 [INFO]   ======================================================================
2026-04-06 14:22:43,346 [INFO]   Call Wall (Resistance):      150000
2026-04-06 14:22:43,346 [INFO]   Put Wall (Support):          145000
2026-04-06 14:22:43,346 [INFO]   Peak Gamma (Magnet):         150000
2026-04-06 14:22:43,346 [INFO]   Max Pain (Expiry Pin):       150000
2026-04-06 14:22:43,346 [INFO]   BIAS: STRONG BULL (score: +7/7)
2026-04-06 14:22:43,346 [INFO]   EXPECTED MOVE (1-day, 1SD):
2026-04-06 14:22:43,346 [INFO]   Daily:  145329 - 151287  (±2979)
2026-04-06 14:22:43,348 [INFO]   OI CHANGE: No previous data (first run)
2026-04-06 14:22:43,348 [INFO]   ======================================================================
2026-04-06 14:22:43,348 [INFO]   ==================================================
2026-04-06 14:22:43,348 [INFO]   ==================================================
2026-04-06 14:22:43,348 [INFO]   Call Wall       $5,009.91
2026-04-06 14:22:43,348 [INFO]   Put Wall        $4,842.92
2026-04-06 14:22:43,348 [INFO]   Peak Gamma      $5,009.91
2026-04-06 14:22:43,349 [INFO]   Max Pain        $5,009.91
2026-04-06 14:22:43,366 [INFO] Pine file loaded: 463 lines, 46924 chars
2026-04-06 14:22:43,444 [INFO] Connecting to CDP on port 9222...
2026-04-06 14:22:45,529 [INFO] Found TradingView tab: https://in.tradingview.com/chart/Wf3l9DeZ/
2026-04-06 14:22:45,530 [DEBUG] WebSocket URL: ws://localhost:9222/devtools/page/CD1F02093F8573A608B677439F4C10A6
2026-04-06 14:22:47,568 [INFO] CDP WebSocket connected
2026-04-06 14:22:47,574 [INFO] Opening Pine Editor panel...
2026-04-06 14:22:47,577 [INFO]   Editor panel: OK:api
2026-04-06 14:22:48,579 [INFO]   Looking for Open/New buttons to initialize Monaco...
2026-04-06 14:22:48,814 [INFO]   Button: clicked:pine-dialog
2026-04-06 14:22:48,814 [INFO]   Waiting for Monaco editor...
2026-04-06 14:22:48,935 [INFO]   Monaco ready (attempt 1)
2026-04-06 14:22:48,936 [INFO] Injecting Pine Script (463 lines)...
2026-04-06 14:22:49,037 [INFO]   Result: OK:464
2026-04-06 14:22:49,537 [INFO] Compiling...
2026-04-06 14:22:49,550 [INFO]   Button clicked: Add to chart
2026-04-06 14:22:49,551 [INFO] Waiting for compilation (3s)...
2026-04-06 14:22:52,553 [INFO] Compiled clean - 0 errors
2026-04-06 14:22:52,554 [INFO] DONE - pushed in 20.2s
2026-04-06 14:44:16,455 [INFO] ============================================================
2026-04-06 14:44:16,456 [INFO]   GEX Push - 2026-04-06 14:44:16
2026-04-06 14:44:16,456 [INFO] ============================================================
2026-04-06 14:44:16,456 [INFO] Running gex_tv_push.py to fetch data and generate Pine...
2026-04-06 14:44:27,578 [INFO]   ==================================================
2026-04-06 14:44:27,578 [INFO]   ==================================================
2026-04-06 14:44:27,578 [INFO]   Spot price: 22968.25
2026-04-06 14:44:27,579 [INFO]   ======================================================================
2026-04-06 14:44:27,579 [INFO]   GEX REPORT - NIFTY | Spot: 22968.25 | Expiry: 2026-04-07
2026-04-06 14:44:27,579 [INFO]   ======================================================================
2026-04-06 14:44:27,579 [INFO]   Call Wall (Resistance):       23200
2026-04-06 14:44:27,580 [INFO]   Put Wall (Support):           22500
2026-04-06 14:44:27,580 [INFO]   Peak Gamma (Magnet):          23000
2026-04-06 14:44:27,580 [INFO]   Max Pain (Expiry Pin):        22950
2026-04-06 14:44:27,580 [INFO]   BIAS: BULL (score: +4/7)
2026-04-06 14:44:27,580 [INFO]   EXPECTED MOVE (1-day, 1SD):
2026-04-06 14:44:27,580 [INFO]   Daily:  22550 - 23386  (±418)
2026-04-06 14:44:27,580 [INFO]   OI CHANGE: BUILDUP
2026-04-06 14:44:27,582 [INFO]   ======================================================================
2026-04-06 14:44:27,582 [INFO]   Spot price: 52609.1
2026-04-06 14:44:27,582 [INFO]   ======================================================================
2026-04-06 14:44:27,582 [INFO]   GEX REPORT - BANKNIFTY | Spot: 52609.10 | Expiry: 2026-04-28
2026-04-06 14:44:27,582 [INFO]   ======================================================================
2026-04-06 14:44:27,583 [INFO]   Call Wall (Resistance):       55000
2026-04-06 14:44:27,583 [INFO]   Put Wall (Support):           52000
2026-04-06 14:44:27,583 [INFO]   Peak Gamma (Magnet):          55000
2026-04-06 14:44:27,583 [INFO]   Max Pain (Expiry Pin):        54000
2026-04-06 14:44:27,583 [INFO]   BIAS: STRONG BULL (score: +7/7)
2026-04-06 14:44:27,583 [INFO]   EXPECTED MOVE (1-day, 1SD):
2026-04-06 14:44:27,584 [INFO]   Daily:  51773 - 53445  (±836)
2026-04-06 14:44:27,584 [INFO]   OI CHANGE: BUILDUP
2026-04-06 14:44:27,584 [INFO]   ======================================================================
2026-04-06 14:44:27,584 [INFO]   Spot price: 148308
2026-04-06 14:44:27,584 [INFO]   ======================================================================
2026-04-06 14:44:27,585 [INFO]   GEX REPORT - GOLD | Spot: 148308.00 | Expiry: 2026-04-30
2026-04-06 14:44:27,585 [INFO]   ======================================================================
2026-04-06 14:44:27,585 [INFO]   Call Wall (Resistance):      150000
2026-04-06 14:44:27,585 [INFO]   Put Wall (Support):          145000
2026-04-06 14:44:27,585 [INFO]   Peak Gamma (Magnet):         150000
2026-04-06 14:44:27,585 [INFO]   Max Pain (Expiry Pin):       150000
2026-04-06 14:44:27,586 [INFO]   BIAS: STRONG BULL (score: +7/7)
2026-04-06 14:44:27,586 [INFO]   EXPECTED MOVE (1-day, 1SD):
2026-04-06 14:44:27,586 [INFO]   Daily:  145329 - 151287  (±2979)
2026-04-06 14:44:27,586 [INFO]   OI CHANGE: No previous data (first run)
2026-04-06 14:44:27,586 [INFO]   ======================================================================
2026-04-06 14:44:27,586 [INFO]   ==================================================
2026-04-06 14:44:27,586 [INFO]   ==================================================
2026-04-06 14:44:27,587 [INFO]   Call Wall       $5,009.91
2026-04-06 14:44:27,587 [INFO]   Put Wall        $4,842.92
2026-04-06 14:44:27,587 [INFO]   Peak Gamma      $5,009.91
2026-04-06 14:44:27,587 [INFO]   Max Pain        $5,009.91
2026-04-06 14:44:27,607 [INFO] Pine file loaded: 468 lines, 47772 chars
2026-04-06 14:44:27,686 [INFO] Connecting to CDP on port 9222...
2026-04-06 14:44:29,757 [INFO] Found TradingView tab: https://in.tradingview.com/chart/Wf3l9DeZ/
2026-04-06 14:44:29,758 [DEBUG] WebSocket URL: ws://localhost:9222/devtools/page/CD1F02093F8573A608B677439F4C10A6
2026-04-06 14:44:31,815 [INFO] CDP WebSocket connected
2026-04-06 14:44:31,826 [INFO] Opening Pine Editor panel...
2026-04-06 14:44:31,830 [INFO]   Editor panel: OK:api
2026-04-06 14:44:32,831 [INFO]   Looking for Open/New buttons to initialize Monaco...
2026-04-06 14:44:33,060 [INFO]   Button: clicked:pine-dialog
2026-04-06 14:44:33,060 [INFO]   Waiting for Monaco editor...
2026-04-06 14:44:33,164 [INFO]   Monaco ready (attempt 1)
2026-04-06 14:44:33,165 [INFO] Injecting Pine Script (468 lines)...
2026-04-06 14:44:33,270 [INFO]   Result: OK:469
2026-04-06 14:44:33,772 [INFO] Compiling...
2026-04-06 14:44:33,831 [INFO]   Button clicked: Pine Save
2026-04-06 14:44:33,831 [INFO] Waiting for compilation (3s)...
2026-04-06 14:44:36,840 [INFO] Compiled clean - 0 errors
2026-04-06 14:44:36,841 [INFO] DONE - pushed in 20.4s
2026-04-06 18:52:02,992 [INFO] ============================================================
2026-04-06 18:52:02,992 [INFO]   GEX Push - 2026-04-06 18:52:02
2026-04-06 18:52:02,992 [INFO] ============================================================
2026-04-06 18:52:02,992 [INFO] Running gex_tv_push.py to fetch data and generate Pine...
2026-04-06 18:52:14,872 [INFO]   ==================================================
2026-04-06 18:52:14,872 [INFO]   ==================================================
2026-04-06 18:52:14,872 [INFO]   Spot price: 22968.25
2026-04-06 18:52:14,873 [INFO]   ======================================================================
2026-04-06 18:52:14,873 [INFO]   GEX REPORT - NIFTY | Spot: 22968.25 | Expiry: 2026-04-07
2026-04-06 18:52:14,873 [INFO]   ======================================================================
2026-04-06 18:52:14,873 [INFO]   Call Wall (Resistance):       23200
2026-04-06 18:52:14,873 [INFO]   Put Wall (Support):           22500
2026-04-06 18:52:14,874 [INFO]   Peak Gamma (Magnet):          23000
2026-04-06 18:52:14,874 [INFO]   Max Pain (Expiry Pin):        22950
2026-04-06 18:52:14,874 [INFO]   BIAS: BULL (score: +4/7)
2026-04-06 18:52:14,874 [INFO]   EXPECTED MOVE (1-day, 1SD):
2026-04-06 18:52:14,874 [INFO]   Daily:  22550 - 23386  (±418)
2026-04-06 18:52:14,875 [INFO]   OI CHANGE: BUILDUP
2026-04-06 18:52:14,875 [INFO]   ======================================================================
2026-04-06 18:52:14,875 [INFO]   Spot price: 52609.1
2026-04-06 18:52:14,875 [INFO]   ======================================================================
2026-04-06 18:52:14,876 [INFO]   GEX REPORT - BANKNIFTY | Spot: 52609.10 | Expiry: 2026-04-28
2026-04-06 18:52:14,876 [INFO]   ======================================================================
2026-04-06 18:52:14,876 [INFO]   Call Wall (Resistance):       55000
2026-04-06 18:52:14,876 [INFO]   Put Wall (Support):           52000
2026-04-06 18:52:14,876 [INFO]   Peak Gamma (Magnet):          55000
2026-04-06 18:52:14,876 [INFO]   Max Pain (Expiry Pin):        54000
2026-04-06 18:52:14,878 [INFO]   BIAS: STRONG BULL (score: +7/7)
2026-04-06 18:52:14,878 [INFO]   EXPECTED MOVE (1-day, 1SD):
2026-04-06 18:52:14,878 [INFO]   Daily:  51773 - 53445  (±836)
2026-04-06 18:52:14,878 [INFO]   OI CHANGE: BUILDUP
2026-04-06 18:52:14,879 [INFO]   ======================================================================
2026-04-06 18:52:14,879 [INFO]   Spot price: 148308
2026-04-06 18:52:14,879 [INFO]   ======================================================================
2026-04-06 18:52:14,879 [INFO]   GEX REPORT - GOLD | Spot: 148308.00 | Expiry: 2026-04-30
2026-04-06 18:52:14,879 [INFO]   ======================================================================
2026-04-06 18:52:14,880 [INFO]   Call Wall (Resistance):      150000
2026-04-06 18:52:14,880 [INFO]   Put Wall (Support):          140000
2026-04-06 18:52:14,880 [INFO]   Peak Gamma (Magnet):         150000
2026-04-06 18:52:14,880 [INFO]   Max Pain (Expiry Pin):       150000
2026-04-06 18:52:14,881 [INFO]   BIAS: STRONG BULL (score: +7/7)
2026-04-06 18:52:14,881 [INFO]   EXPECTED MOVE (1-day, 1SD):
2026-04-06 18:52:14,881 [INFO]   Daily:  145627 - 150989  (±2681)
2026-04-06 18:52:14,881 [INFO]   OI CHANGE: No previous data (first run)
2026-04-06 18:52:14,882 [INFO]   ======================================================================
2026-04-06 18:52:14,882 [INFO]   ==================================================
2026-04-06 18:52:14,882 [INFO]   ==================================================
2026-04-06 18:52:14,882 [INFO]   Call Wall       $5,009.91
2026-04-06 18:52:14,882 [INFO]   Put Wall        $4,675.92
2026-04-06 18:52:14,883 [INFO]   Peak Gamma      $5,009.91
2026-04-06 18:52:14,883 [INFO]   Max Pain        $5,009.91
2026-04-06 18:52:14,901 [INFO] Pine file loaded: 473 lines, 48620 chars
2026-04-06 18:52:15,112 [INFO] Connecting to CDP on port 9222...
2026-04-06 18:52:17,190 [INFO] Found TradingView tab: https://in.tradingview.com/chart/Wf3l9DeZ/
2026-04-06 18:52:17,191 [DEBUG] WebSocket URL: ws://localhost:9222/devtools/page/CD1F02093F8573A608B677439F4C10A6
2026-04-06 18:52:19,255 [INFO] CDP WebSocket connected
2026-04-06 18:52:19,274 [INFO] Opening Pine Editor panel...
2026-04-06 18:52:19,276 [INFO]   Monaco already ready
2026-04-06 18:52:19,277 [INFO] Injecting Pine Script (473 lines)...
2026-04-06 18:52:19,315 [INFO]   Result: OK:474
2026-04-06 18:52:19,816 [INFO] Compiling...
2026-04-06 18:52:19,890 [INFO]   Button clicked: Pine Save
2026-04-06 18:52:19,890 [INFO] Waiting for compilation (3s)...
2026-04-06 18:52:22,892 [INFO] Compiled clean - 0 errors
2026-04-06 18:52:22,893 [INFO] DONE - pushed in 19.9s
2026-04-06 19:29:30,214 [INFO] ============================================================
2026-04-06 19:29:30,214 [INFO]   GEX Push - 2026-04-06 19:29:30
2026-04-06 19:29:30,214 [INFO] ============================================================
2026-04-06 19:29:30,214 [INFO] Running gex_tv_push.py to fetch data and generate Pine...
2026-04-06 19:29:52,328 [INFO]   ==================================================
2026-04-06 19:29:52,328 [INFO]   ==================================================
2026-04-06 19:29:52,328 [INFO]   Spot price: 22968.25
2026-04-06 19:29:52,329 [INFO]   ======================================================================
2026-04-06 19:29:52,329 [INFO]   GEX REPORT - NIFTY | Spot: 22968.25 | Expiry: 2026-04-07
2026-04-06 19:29:52,329 [INFO]   ======================================================================
2026-04-06 19:29:52,331 [INFO]   Call Wall (Resistance):       23200
2026-04-06 19:29:52,331 [INFO]   Put Wall (Support):           22500
2026-04-06 19:29:52,332 [INFO]   Peak Gamma (Magnet):          23000
2026-04-06 19:29:52,333 [INFO]   Max Pain (Expiry Pin):        22950
2026-04-06 19:29:52,333 [INFO]   BIAS: BULL (score: +4/7)
2026-04-06 19:29:52,335 [INFO]   EXPECTED MOVE (1-day, 1SD):
2026-04-06 19:29:52,336 [INFO]   Daily:  22550 - 23386  (±418)
2026-04-06 19:29:52,336 [INFO]   OI CHANGE: BUILDUP
2026-04-06 19:29:52,337 [INFO]   ======================================================================
2026-04-06 19:29:52,337 [INFO]   Spot price: 52609.1
2026-04-06 19:29:52,337 [INFO]   ======================================================================
2026-04-06 19:29:52,338 [INFO]   GEX REPORT - BANKNIFTY | Spot: 52609.10 | Expiry: 2026-04-28
2026-04-06 19:29:52,338 [INFO]   ======================================================================
2026-04-06 19:29:52,339 [INFO]   Call Wall (Resistance):       55000
2026-04-06 19:29:52,340 [INFO]   Put Wall (Support):           52000
2026-04-06 19:29:52,340 [INFO]   Peak Gamma (Magnet):          55000
2026-04-06 19:29:52,341 [INFO]   Max Pain (Expiry Pin):        54000
2026-04-06 19:29:52,341 [INFO]   BIAS: STRONG BULL (score: +7/7)
2026-04-06 19:29:52,341 [INFO]   EXPECTED MOVE (1-day, 1SD):
2026-04-06 19:29:52,342 [INFO]   Daily:  51773 - 53445  (±836)
2026-04-06 19:29:52,342 [INFO]   OI CHANGE: BUILDUP
2026-04-06 19:29:52,343 [INFO]   ======================================================================
2026-04-06 19:29:52,344 [INFO]   Spot price: 148308
2026-04-06 19:29:52,344 [INFO]   ======================================================================
2026-04-06 19:29:52,345 [INFO]   GEX REPORT - GOLD | Spot: 148308.00 | Expiry: 2026-04-30
2026-04-06 19:29:52,346 [INFO]   ======================================================================
2026-04-06 19:29:52,348 [INFO]   Call Wall (Resistance):      150000
2026-04-06 19:29:52,348 [INFO]   Put Wall (Support):          140000
2026-04-06 19:29:52,349 [INFO]   Peak Gamma (Magnet):         150000
2026-04-06 19:29:52,349 [INFO]   Max Pain (Expiry Pin):       150000
2026-04-06 19:29:52,349 [INFO]   BIAS: STRONG BULL (score: +7/7)
2026-04-06 19:29:52,349 [INFO]   EXPECTED MOVE (1-day, 1SD):
2026-04-06 19:29:52,351 [INFO]   Daily:  145627 - 150989  (±2681)
2026-04-06 19:29:52,352 [INFO]   OI CHANGE: No previous data (first run)
2026-04-06 19:29:52,352 [INFO]   ======================================================================
2026-04-06 19:29:52,353 [INFO]   ==================================================
2026-04-06 19:29:52,353 [INFO]   ==================================================
2026-04-06 19:29:52,354 [INFO]   Call Wall       $5,009.91
2026-04-06 19:29:52,356 [INFO]   Put Wall        $4,675.92
2026-04-06 19:29:52,356 [INFO]   Peak Gamma      $5,009.91
2026-04-06 19:29:52,356 [INFO]   Max Pain        $5,009.91
2026-04-06 19:29:52,394 [INFO] Pine file loaded: 478 lines, 49468 chars
2026-04-06 19:29:52,426 [INFO] Connecting to CDP on port 9222...
2026-04-06 19:29:54,493 [INFO] Found TradingView tab: https://in.tradingview.com/chart/Wf3l9DeZ/
2026-04-06 19:29:54,494 [DEBUG] WebSocket URL: ws://localhost:9222/devtools/page/CD1F02093F8573A608B677439F4C10A6
2026-04-06 19:29:56,553 [INFO] CDP WebSocket connected
2026-04-06 19:29:56,581 [INFO] Opening Pine Editor panel...
2026-04-06 19:29:56,584 [INFO]   Monaco already ready
2026-04-06 19:29:56,585 [INFO] Injecting Pine Script (478 lines)...
2026-04-06 19:29:56,628 [INFO]   Result: OK:479
2026-04-06 19:29:57,129 [INFO] Compiling...
2026-04-06 19:29:57,207 [INFO]   Button clicked: Pine Save
2026-04-06 19:29:57,207 [INFO] Waiting for compilation (3s)...
2026-04-06 19:30:00,211 [INFO] Compiled clean - 0 errors
2026-04-06 19:30:00,226 [DEBUG] Starting new HTTPS connection (1): pine-facade.tradingview.com:443
2026-04-06 19:30:00,766 [DEBUG] https://pine-facade.tradingview.com:443 "GET /pine-facade/list?filter=published HTTP/1.1" 200 None
2026-04-06 19:30:00,776 [DEBUG] Starting new HTTPS connection (1): pine-facade.tradingview.com:443
2026-04-06 19:30:02,257 [DEBUG] https://pine-facade.tradingview.com:443 "POST /pine-facade/publish/next/PUB%3B5ca46d483b004287a15dcd0ad0667de8 HTTP/1.1" 200 None
2026-04-06 19:30:02,261 [INFO] [PUBLISH] 'GEX Levels' republished OK
2026-04-06 19:30:02,263 [INFO] DONE - pushed in 32.0s
