[   10346ms] [WARNING] Platform browser has already been set. Overwriting the platform with browser. @ https://cdn.jsdelivr.net/npm/@tensorflow/tfjs-core@4.0.0/dist/tf-core.min.js:16
[   10427ms] NotSupportedError: Failed to execute 'define' on 'CustomElementRegistry': the name "dotlottie-player" has already been used with this registry
    at t.<computed> [as define] (https://login.dhan.co/polyfills.57893e3a80e01418.js:1:29284)
    at legacyCustomElement (https://unpkg.com/@dotlottie/player-component@1.0.0/dist/dotlottie-player.js:175:57)
    at https://unpkg.com/@dotlottie/player-component@1.0.0/dist/dotlottie-player.js:175:244
    at __decorate (https://unpkg.com/@dotlottie/player-component@1.0.0/dist/dotlottie-player.js:15:341)
    at https://unpkg.com/@dotlottie/player-component@1.0.0/dist/dotlottie-player.js:219:108900
    at https://unpkg.com/@dotlottie/player-component@1.0.0/dist/dotlottie-player.js:1:140
    at https://unpkg.com/@dotlottie/player-component@1.0.0/dist/dotlottie-player.js:1:220
[   10456ms] [WARNING] cpu backend was already registered. Reusing existing backend factory. @ https://cdn.jsdelivr.net/npm/@tensorflow/tfjs-core@4.0.0/dist/tf-core.min.js:16
[   10457ms] [WARNING] The kernel '_FusedMatMul' for backend 'cpu' is already registered @ https://cdn.jsdelivr.net/npm/@tensorflow/tfjs-core@4.0.0/dist/tf-core.min.js:16
[   10457ms] [WARNING] The kernel 'Abs' for backend 'cpu' is already registered @ https://cdn.jsdelivr.net/npm/@tensorflow/tfjs-core@4.0.0/dist/tf-core.min.js:16
[   10457ms] [WARNING] The kernel 'Acos' for backend 'cpu' is already registered @ https://cdn.jsdelivr.net/npm/@tensorflow/tfjs-core@4.0.0/dist/tf-core.min.js:16
[   10457ms] [WARNING] The kernel 'Acosh' for backend 'cpu' is already registered @ https://cdn.jsdelivr.net/npm/@tensorflow/tfjs-core@4.0.0/dist/tf-core.min.js:16
[   10457ms] [WARNING] The kernel 'Add' for backend 'cpu' is already registered @ https://cdn.jsdelivr.net/npm/@tensorflow/tfjs-core@4.0.0/dist/tf-core.min.js:16
[   10457ms] [WARNING] The kernel 'AddN' for backend 'cpu' is already registered @ https://cdn.jsdelivr.net/npm/@tensorflow/tfjs-core@4.0.0/dist/tf-core.min.js:16
[   10457ms] [WARNING] The kernel 'All' for backend 'cpu' is already registered @ https://cdn.jsdelivr.net/npm/@tensorflow/tfjs-core@4.0.0/dist/tf-core.min.js:16
[   10458ms] [WARNING] The kernel 'Any' for backend 'cpu' is already registered @ https://cdn.jsdelivr.net/npm/@tensorflow/tfjs-core@4.0.0/dist/tf-core.min.js:16
[   10458ms] [WARNING] The kernel 'ArgMax' for backend 'cpu' is already registered @ https://cdn.jsdelivr.net/npm/@tensorflow/tfjs-core@4.0.0/dist/tf-core.min.js:16
[   10458ms] [WARNING] The kernel 'ArgMin' for backend 'cpu' is already registered @ https://cdn.jsdelivr.net/npm/@tensorflow/tfjs-core@4.0.0/dist/tf-core.min.js:16
[   10458ms] [WARNING] The kernel 'Asin' for backend 'cpu' is already registered @ https://cdn.jsdelivr.net/npm/@tensorflow/tfjs-core@4.0.0/dist/tf-core.min.js:16
[   10458ms] [WARNING] The kernel 'Asinh' for backend 'cpu' is already registered @ https://cdn.jsdelivr.net/npm/@tensorflow/tfjs-core@4.0.0/dist/tf-core.min.js:16
[   10458ms] [WARNING] The kernel 'Atan' for backend 'cpu' is already registered @ https://cdn.jsdelivr.net/npm/@tensorflow/tfjs-core@4.0.0/dist/tf-core.min.js:16
[   10458ms] [WARNING] The kernel 'Atan2' for backend 'cpu' is already registered @ https://cdn.jsdelivr.net/npm/@tensorflow/tfjs-core@4.0.0/dist/tf-core.min.js:16
[   10458ms] [WARNING] The kernel 'Atanh' for backend 'cpu' is already registered @ https://cdn.jsdelivr.net/npm/@tensorflow/tfjs-core@4.0.0/dist/tf-core.min.js:16
[   10458ms] [WARNING] The kernel 'AvgPool' for backend 'cpu' is already registered @ https://cdn.jsdelivr.net/npm/@tensorflow/tfjs-core@4.0.0/dist/tf-core.min.js:16
[   10458ms] [WARNING] The kernel 'AvgPool3D' for backend 'cpu' is already registered @ https://cdn.jsdelivr.net/npm/@tensorflow/tfjs-core@4.0.0/dist/tf-core.min.js:16
[   10458ms] [WARNING] The kernel 'AvgPool3DGrad' for backend 'cpu' is already registered @ https://cdn.jsdelivr.net/npm/@tensorflow/tfjs-core@4.0.0/dist/tf-core.min.js:16
[   10458ms] [WARNING] The kernel 'AvgPoolGrad' for backend 'cpu' is already registered @ https://cdn.jsdelivr.net/npm/@tensorflow/tfjs-core@4.0.0/dist/tf-core.min.js:16
[   10459ms] [WARNING] The kernel 'BatchMatMul' for backend 'cpu' is already registered @ https://cdn.jsdelivr.net/npm/@tensorflow/tfjs-core@4.0.0/dist/tf-core.min.js:16
[   10459ms] [WARNING] The kernel 'FusedBatchNorm' for backend 'cpu' is already registered @ https://cdn.jsdelivr.net/npm/@tensorflow/tfjs-core@4.0.0/dist/tf-core.min.js:16
[   10459ms] [WARNING] The kernel 'BatchToSpaceND' for backend 'cpu' is already registered @ https://cdn.jsdelivr.net/npm/@tensorflow/tfjs-core@4.0.0/dist/tf-core.min.js:16
[   10459ms] [WARNING] The kernel 'Bincount' for backend 'cpu' is already registered @ https://cdn.jsdelivr.net/npm/@tensorflow/tfjs-core@4.0.0/dist/tf-core.min.js:16
[   10459ms] [WARNING] The kernel 'BroadcastArgs' for backend 'cpu' is already registered @ https://cdn.jsdelivr.net/npm/@tensorflow/tfjs-core@4.0.0/dist/tf-core.min.js:16
[   10459ms] [WARNING] The kernel 'Cast' for backend 'cpu' is already registered @ https://cdn.jsdelivr.net/npm/@tensorflow/tfjs-core@4.0.0/dist/tf-core.min.js:16
[   10459ms] [WARNING] The kernel 'Ceil' for backend 'cpu' is already registered @ https://cdn.jsdelivr.net/npm/@tensorflow/tfjs-core@4.0.0/dist/tf-core.min.js:16
[   10459ms] [WARNING] The kernel 'ClipByValue' for backend 'cpu' is already registered @ https://cdn.jsdelivr.net/npm/@tensorflow/tfjs-core@4.0.0/dist/tf-core.min.js:16
[   10459ms] [WARNING] The kernel 'Complex' for backend 'cpu' is already registered @ https://cdn.jsdelivr.net/npm/@tensorflow/tfjs-core@4.0.0/dist/tf-core.min.js:16
[   10459ms] [WARNING] The kernel 'ComplexAbs' for backend 'cpu' is already registered @ https://cdn.jsdelivr.net/npm/@tensorflow/tfjs-core@4.0.0/dist/tf-core.min.js:16
[   10460ms] [WARNING] The kernel 'Concat' for backend 'cpu' is already registered @ https://cdn.jsdelivr.net/npm/@tensorflow/tfjs-core@4.0.0/dist/tf-core.min.js:16
[   10460ms] [WARNING] The kernel 'Conv2D' for backend 'cpu' is already registered @ https://cdn.jsdelivr.net/npm/@tensorflow/tfjs-core@4.0.0/dist/tf-core.min.js:16
[   10460ms] [WARNING] The kernel 'Conv2DBackpropFilter' for backend 'cpu' is already registered @ https://cdn.jsdelivr.net/npm/@tensorflow/tfjs-core@4.0.0/dist/tf-core.min.js:16
[   10460ms] [WARNING] The kernel 'Conv2DBackpropInput' for backend 'cpu' is already registered @ https://cdn.jsdelivr.net/npm/@tensorflow/tfjs-core@4.0.0/dist/tf-core.min.js:16
[   10460ms] [WARNING] The kernel 'Conv3D' for backend 'cpu' is already registered @ https://cdn.jsdelivr.net/npm/@tensorflow/tfjs-core@4.0.0/dist/tf-core.min.js:16
[   10460ms] [WARNING] The kernel 'Conv3DBackpropFilterV2' for backend 'cpu' is already registered @ https://cdn.jsdelivr.net/npm/@tensorflow/tfjs-core@4.0.0/dist/tf-core.min.js:16
[   10460ms] [WARNING] The kernel 'Conv3DBackpropInputV2' for backend 'cpu' is already registered @ https://cdn.jsdelivr.net/npm/@tensorflow/tfjs-core@4.0.0/dist/tf-core.min.js:16
[   10460ms] [WARNING] The kernel 'Cos' for backend 'cpu' is already registered @ https://cdn.jsdelivr.net/npm/@tensorflow/tfjs-core@4.0.0/dist/tf-core.min.js:16
[   10460ms] [WARNING] The kernel 'Cosh' for backend 'cpu' is already registered @ https://cdn.jsdelivr.net/npm/@tensorflow/tfjs-core@4.0.0/dist/tf-core.min.js:16
[   10460ms] [WARNING] The kernel 'CropAndResize' for backend 'cpu' is already registered @ https://cdn.jsdelivr.net/npm/@tensorflow/tfjs-core@4.0.0/dist/tf-core.min.js:16
[   10460ms] [WARNING] The kernel 'Cumprod' for backend 'cpu' is already registered @ https://cdn.jsdelivr.net/npm/@tensorflow/tfjs-core@4.0.0/dist/tf-core.min.js:16
[   10460ms] [WARNING] The kernel 'Cumsum' for backend 'cpu' is already registered @ https://cdn.jsdelivr.net/npm/@tensorflow/tfjs-core@4.0.0/dist/tf-core.min.js:16
[   10461ms] [WARNING] The kernel 'DenseBincount' for backend 'cpu' is already registered @ https://cdn.jsdelivr.net/npm/@tensorflow/tfjs-core@4.0.0/dist/tf-core.min.js:16
[   10461ms] [WARNING] The kernel 'DepthToSpace' for backend 'cpu' is already registered @ https://cdn.jsdelivr.net/npm/@tensorflow/tfjs-core@4.0.0/dist/tf-core.min.js:16
[   10461ms] [WARNING] The kernel 'DepthwiseConv2dNative' for backend 'cpu' is already registered @ https://cdn.jsdelivr.net/npm/@tensorflow/tfjs-core@4.0.0/dist/tf-core.min.js:16
[   10461ms] [WARNING] The kernel 'DepthwiseConv2dNativeBackpropFilter' for backend 'cpu' is already registered @ https://cdn.jsdelivr.net/npm/@tensorflow/tfjs-core@4.0.0/dist/tf-core.min.js:16
[   10461ms] [WARNING] The kernel 'DepthwiseConv2dNativeBackpropInput' for backend 'cpu' is already registered @ https://cdn.jsdelivr.net/npm/@tensorflow/tfjs-core@4.0.0/dist/tf-core.min.js:16
[   10461ms] [WARNING] The kernel 'Diag' for backend 'cpu' is already registered @ https://cdn.jsdelivr.net/npm/@tensorflow/tfjs-core@4.0.0/dist/tf-core.min.js:16
[   10461ms] [WARNING] The kernel 'Dilation2D' for backend 'cpu' is already registered @ https://cdn.jsdelivr.net/npm/@tensorflow/tfjs-core@4.0.0/dist/tf-core.min.js:16
[   10461ms] [WARNING] The kernel 'Dilation2DBackpropFilter' for backend 'cpu' is already registered @ https://cdn.jsdelivr.net/npm/@tensorflow/tfjs-core@4.0.0/dist/tf-core.min.js:16
[   10461ms] [WARNING] The kernel 'Dilation2DBackpropInput' for backend 'cpu' is already registered @ https://cdn.jsdelivr.net/npm/@tensorflow/tfjs-core@4.0.0/dist/tf-core.min.js:16
[   10461ms] [WARNING] The kernel 'Einsum' for backend 'cpu' is already registered @ https://cdn.jsdelivr.net/npm/@tensorflow/tfjs-core@4.0.0/dist/tf-core.min.js:16
[   10461ms] [WARNING] The kernel 'Elu' for backend 'cpu' is already registered @ https://cdn.jsdelivr.net/npm/@tensorflow/tfjs-core@4.0.0/dist/tf-core.min.js:16
[   10461ms] [WARNING] The kernel 'EluGrad' for backend 'cpu' is already registered @ https://cdn.jsdelivr.net/npm/@tensorflow/tfjs-core@4.0.0/dist/tf-core.min.js:16
[   10462ms] [WARNING] The kernel 'Equal' for backend 'cpu' is already registered @ https://cdn.jsdelivr.net/npm/@tensorflow/tfjs-core@4.0.0/dist/tf-core.min.js:16
[   10462ms] [WARNING] The kernel 'Erf' for backend 'cpu' is already registered @ https://cdn.jsdelivr.net/npm/@tensorflow/tfjs-core@4.0.0/dist/tf-core.min.js:16
[   10462ms] [WARNING] The kernel 'Exp' for backend 'cpu' is already registered @ https://cdn.jsdelivr.net/npm/@tensorflow/tfjs-core@4.0.0/dist/tf-core.min.js:16
[   10462ms] [WARNING] The kernel 'ExpandDims' for backend 'cpu' is already registered @ https://cdn.jsdelivr.net/npm/@tensorflow/tfjs-core@4.0.0/dist/tf-core.min.js:16
[   10462ms] [WARNING] The kernel 'Expm1' for backend 'cpu' is already registered @ https://cdn.jsdelivr.net/npm/@tensorflow/tfjs-core@4.0.0/dist/tf-core.min.js:16
[   10462ms] [WARNING] The kernel 'FFT' for backend 'cpu' is already registered @ https://cdn.jsdelivr.net/npm/@tensorflow/tfjs-core@4.0.0/dist/tf-core.min.js:16
[   10462ms] [WARNING] The kernel 'Fill' for backend 'cpu' is already registered @ https://cdn.jsdelivr.net/npm/@tensorflow/tfjs-core@4.0.0/dist/tf-core.min.js:16
[   10462ms] [WARNING] The kernel 'FlipLeftRight' for backend 'cpu' is already registered @ https://cdn.jsdelivr.net/npm/@tensorflow/tfjs-core@4.0.0/dist/tf-core.min.js:16
[   10462ms] [WARNING] The kernel 'Floor' for backend 'cpu' is already registered @ https://cdn.jsdelivr.net/npm/@tensorflow/tfjs-core@4.0.0/dist/tf-core.min.js:16
[   10462ms] [WARNING] The kernel 'FloorDiv' for backend 'cpu' is already registered @ https://cdn.jsdelivr.net/npm/@tensorflow/tfjs-core@4.0.0/dist/tf-core.min.js:16
[   10462ms] [WARNING] The kernel 'FusedConv2D' for backend 'cpu' is already registered @ https://cdn.jsdelivr.net/npm/@tensorflow/tfjs-core@4.0.0/dist/tf-core.min.js:16
[   10462ms] [WARNING] The kernel 'FusedDepthwiseConv2D' for backend 'cpu' is already registered @ https://cdn.jsdelivr.net/npm/@tensorflow/tfjs-core@4.0.0/dist/tf-core.min.js:16
[   10462ms] [WARNING] The kernel 'GatherNd' for backend 'cpu' is already registered @ https://cdn.jsdelivr.net/npm/@tensorflow/tfjs-core@4.0.0/dist/tf-core.min.js:16
[   10462ms] [WARNING] The kernel 'GatherV2' for backend 'cpu' is already registered @ https://cdn.jsdelivr.net/npm/@tensorflow/tfjs-core@4.0.0/dist/tf-core.min.js:16
[   10463ms] [WARNING] The kernel 'Greater' for backend 'cpu' is already registered @ https://cdn.jsdelivr.net/npm/@tensorflow/tfjs-core@4.0.0/dist/tf-core.min.js:16
[   10463ms] [WARNING] The kernel 'GreaterEqual' for backend 'cpu' is already registered @ https://cdn.jsdelivr.net/npm/@tensorflow/tfjs-core@4.0.0/dist/tf-core.min.js:16
[   10463ms] [WARNING] The kernel 'Identity' for backend 'cpu' is already registered @ https://cdn.jsdelivr.net/npm/@tensorflow/tfjs-core@4.0.0/dist/tf-core.min.js:16
[   10463ms] [WARNING] The kernel 'IFFT' for backend 'cpu' is already registered @ https://cdn.jsdelivr.net/npm/@tensorflow/tfjs-core@4.0.0/dist/tf-core.min.js:16
[   10463ms] [WARNING] The kernel 'Imag' for backend 'cpu' is already registered @ https://cdn.jsdelivr.net/npm/@tensorflow/tfjs-core@4.0.0/dist/tf-core.min.js:16
[   10463ms] [WARNING] The kernel 'IsFinite' for backend 'cpu' is already registered @ https://cdn.jsdelivr.net/npm/@tensorflow/tfjs-core@4.0.0/dist/tf-core.min.js:16
[   10463ms] [WARNING] The kernel 'IsInf' for backend 'cpu' is already registered @ https://cdn.jsdelivr.net/npm/@tensorflow/tfjs-core@4.0.0/dist/tf-core.min.js:16
[   10463ms] [WARNING] The kernel 'IsNan' for backend 'cpu' is already registered @ https://cdn.jsdelivr.net/npm/@tensorflow/tfjs-core@4.0.0/dist/tf-core.min.js:16
[   10463ms] [WARNING] The kernel 'LeakyRelu' for backend 'cpu' is already registered @ https://cdn.jsdelivr.net/npm/@tensorflow/tfjs-core@4.0.0/dist/tf-core.min.js:16
[   10463ms] [WARNING] The kernel 'Less' for backend 'cpu' is already registered @ https://cdn.jsdelivr.net/npm/@tensorflow/tfjs-core@4.0.0/dist/tf-core.min.js:16
[   10463ms] [WARNING] The kernel 'LessEqual' for backend 'cpu' is already registered @ https://cdn.jsdelivr.net/npm/@tensorflow/tfjs-core@4.0.0/dist/tf-core.min.js:16
[   10463ms] [WARNING] The kernel 'LinSpace' for backend 'cpu' is already registered @ https://cdn.jsdelivr.net/npm/@tensorflow/tfjs-core@4.0.0/dist/tf-core.min.js:16
[   10463ms] [WARNING] The kernel 'Log' for backend 'cpu' is already registered @ https://cdn.jsdelivr.net/npm/@tensorflow/tfjs-core@4.0.0/dist/tf-core.min.js:16
[   10463ms] [WARNING] The kernel 'Log1p' for backend 'cpu' is already registered @ https://cdn.jsdelivr.net/npm/@tensorflow/tfjs-core@4.0.0/dist/tf-core.min.js:16
[   10464ms] [WARNING] The kernel 'LogicalAnd' for backend 'cpu' is already registered @ https://cdn.jsdelivr.net/npm/@tensorflow/tfjs-core@4.0.0/dist/tf-core.min.js:16
[   10464ms] [WARNING] The kernel 'LogicalNot' for backend 'cpu' is already registered @ https://cdn.jsdelivr.net/npm/@tensorflow/tfjs-core@4.0.0/dist/tf-core.min.js:16
[   10464ms] [WARNING] The kernel 'LogicalOr' for backend 'cpu' is already registered @ https://cdn.jsdelivr.net/npm/@tensorflow/tfjs-core@4.0.0/dist/tf-core.min.js:16
[   10464ms] [WARNING] The kernel 'LRN' for backend 'cpu' is already registered @ https://cdn.jsdelivr.net/npm/@tensorflow/tfjs-core@4.0.0/dist/tf-core.min.js:16
[   10464ms] [WARNING] The kernel 'LRNGrad' for backend 'cpu' is already registered @ https://cdn.jsdelivr.net/npm/@tensorflow/tfjs-core@4.0.0/dist/tf-core.min.js:16
[   10464ms] [WARNING] The kernel 'Max' for backend 'cpu' is already registered @ https://cdn.jsdelivr.net/npm/@tensorflow/tfjs-core@4.0.0/dist/tf-core.min.js:16
[   10464ms] [WARNING] The kernel 'Maximum' for backend 'cpu' is already registered @ https://cdn.jsdelivr.net/npm/@tensorflow/tfjs-core@4.0.0/dist/tf-core.min.js:16
[   10464ms] [WARNING] The kernel 'MaxPool' for backend 'cpu' is already registered @ https://cdn.jsdelivr.net/npm/@tensorflow/tfjs-core@4.0.0/dist/tf-core.min.js:16
[   10464ms] [WARNING] The kernel 'MaxPool3D' for backend 'cpu' is already registered @ https://cdn.jsdelivr.net/npm/@tensorflow/tfjs-core@4.0.0/dist/tf-core.min.js:16
[   10464ms] [WARNING] The kernel 'MaxPool3DGrad' for backend 'cpu' is already registered @ https://cdn.jsdelivr.net/npm/@tensorflow/tfjs-core@4.0.0/dist/tf-core.min.js:16
[   10464ms] [WARNING] The kernel 'MaxPoolGrad' for backend 'cpu' is already registered @ https://cdn.jsdelivr.net/npm/@tensorflow/tfjs-core@4.0.0/dist/tf-core.min.js:16
[   10464ms] [WARNING] The kernel 'MaxPoolWithArgmax' for backend 'cpu' is already registered @ https://cdn.jsdelivr.net/npm/@tensorflow/tfjs-core@4.0.0/dist/tf-core.min.js:16
[   10465ms] [WARNING] The kernel 'Mean' for backend 'cpu' is already registered @ https://cdn.jsdelivr.net/npm/@tensorflow/tfjs-core@4.0.0/dist/tf-core.min.js:16
[   10465ms] [WARNING] The kernel 'Min' for backend 'cpu' is already registered @ https://cdn.jsdelivr.net/npm/@tensorflow/tfjs-core@4.0.0/dist/tf-core.min.js:16
[   10465ms] [WARNING] The kernel 'Minimum' for backend 'cpu' is already registered @ https://cdn.jsdelivr.net/npm/@tensorflow/tfjs-core@4.0.0/dist/tf-core.min.js:16
[   10465ms] [WARNING] The kernel 'MirrorPad' for backend 'cpu' is already registered @ https://cdn.jsdelivr.net/npm/@tensorflow/tfjs-core@4.0.0/dist/tf-core.min.js:16
[   10465ms] [WARNING] The kernel 'Mod' for backend 'cpu' is already registered @ https://cdn.jsdelivr.net/npm/@tensorflow/tfjs-core@4.0.0/dist/tf-core.min.js:16
[   10465ms] [WARNING] The kernel 'Multinomial' for backend 'cpu' is already registered @ https://cdn.jsdelivr.net/npm/@tensorflow/tfjs-core@4.0.0/dist/tf-core.min.js:16
[   10465ms] [WARNING] The kernel 'Multiply' for backend 'cpu' is already registered @ https://cdn.jsdelivr.net/npm/@tensorflow/tfjs-core@4.0.0/dist/tf-core.min.js:16
[   10465ms] [WARNING] The kernel 'Neg' for backend 'cpu' is already registered @ https://cdn.jsdelivr.net/npm/@tensorflow/tfjs-core@4.0.0/dist/tf-core.min.js:16
[   10465ms] [WARNING] The kernel 'NonMaxSuppressionV3' for backend 'cpu' is already registered @ https://cdn.jsdelivr.net/npm/@tensorflow/tfjs-core@4.0.0/dist/tf-core.min.js:16
[   10466ms] [WARNING] The kernel 'NonMaxSuppressionV4' for backend 'cpu' is already registered @ https://cdn.jsdelivr.net/npm/@tensorflow/tfjs-core@4.0.0/dist/tf-core.min.js:16
[   10466ms] [WARNING] The kernel 'NonMaxSuppressionV5' for backend 'cpu' is already registered @ https://cdn.jsdelivr.net/npm/@tensorflow/tfjs-core@4.0.0/dist/tf-core.min.js:16
[   10466ms] [WARNING] The kernel 'NotEqual' for backend 'cpu' is already registered @ https://cdn.jsdelivr.net/npm/@tensorflow/tfjs-core@4.0.0/dist/tf-core.min.js:16
[   10466ms] [WARNING] The kernel 'OneHot' for backend 'cpu' is already registered @ https://cdn.jsdelivr.net/npm/@tensorflow/tfjs-core@4.0.0/dist/tf-core.min.js:16
[   10466ms] [WARNING] The kernel 'OnesLike' for backend 'cpu' is already registered @ https://cdn.jsdelivr.net/npm/@tensorflow/tfjs-core@4.0.0/dist/tf-core.min.js:16
[   10466ms] [WARNING] The kernel 'Pack' for backend 'cpu' is already registered @ https://cdn.jsdelivr.net/npm/@tensorflow/tfjs-core@4.0.0/dist/tf-core.min.js:16
[   10466ms] [WARNING] The kernel 'PadV2' for backend 'cpu' is already registered @ https://cdn.jsdelivr.net/npm/@tensorflow/tfjs-core@4.0.0/dist/tf-core.min.js:16
[   10466ms] [WARNING] The kernel 'Pow' for backend 'cpu' is already registered @ https://cdn.jsdelivr.net/npm/@tensorflow/tfjs-core@4.0.0/dist/tf-core.min.js:16
[   10467ms] [WARNING] The kernel 'Prelu' for backend 'cpu' is already registered @ https://cdn.jsdelivr.net/npm/@tensorflow/tfjs-core@4.0.0/dist/tf-core.min.js:16
[   10467ms] [WARNING] The kernel 'Prod' for backend 'cpu' is already registered @ https://cdn.jsdelivr.net/npm/@tensorflow/tfjs-core@4.0.0/dist/tf-core.min.js:16
[   10467ms] [WARNING] The kernel 'RaggedGather' for backend 'cpu' is already registered @ https://cdn.jsdelivr.net/npm/@tensorflow/tfjs-core@4.0.0/dist/tf-core.min.js:16
[   10467ms] [WARNING] The kernel 'RaggedRange' for backend 'cpu' is already registered @ https://cdn.jsdelivr.net/npm/@tensorflow/tfjs-core@4.0.0/dist/tf-core.min.js:16
[   10467ms] [WARNING] The kernel 'RaggedTensorToTensor' for backend 'cpu' is already registered @ https://cdn.jsdelivr.net/npm/@tensorflow/tfjs-core@4.0.0/dist/tf-core.min.js:16
[   10467ms] [WARNING] The kernel 'Range' for backend 'cpu' is already registered @ https://cdn.jsdelivr.net/npm/@tensorflow/tfjs-core@4.0.0/dist/tf-core.min.js:16
[   10467ms] [WARNING] The kernel 'Real' for backend 'cpu' is already registered @ https://cdn.jsdelivr.net/npm/@tensorflow/tfjs-core@4.0.0/dist/tf-core.min.js:16
[   10467ms] [WARNING] The kernel 'RealDiv' for backend 'cpu' is already registered @ https://cdn.jsdelivr.net/npm/@tensorflow/tfjs-core@4.0.0/dist/tf-core.min.js:16
[   10467ms] [WARNING] The kernel 'Reciprocal' for backend 'cpu' is already registered @ https://cdn.jsdelivr.net/npm/@tensorflow/tfjs-core@4.0.0/dist/tf-core.min.js:16
[   10467ms] [WARNING] The kernel 'Relu' for backend 'cpu' is already registered @ https://cdn.jsdelivr.net/npm/@tensorflow/tfjs-core@4.0.0/dist/tf-core.min.js:16
[   10467ms] [WARNING] The kernel 'Relu6' for backend 'cpu' is already registered @ https://cdn.jsdelivr.net/npm/@tensorflow/tfjs-core@4.0.0/dist/tf-core.min.js:16
[   10467ms] [WARNING] The kernel 'Reshape' for backend 'cpu' is already registered @ https://cdn.jsdelivr.net/npm/@tensorflow/tfjs-core@4.0.0/dist/tf-core.min.js:16
[   10468ms] [WARNING] The kernel 'ResizeBilinear' for backend 'cpu' is already registered @ https://cdn.jsdelivr.net/npm/@tensorflow/tfjs-core@4.0.0/dist/tf-core.min.js:16
[   10468ms] [WARNING] The kernel 'ResizeBilinearGrad' for backend 'cpu' is already registered @ https://cdn.jsdelivr.net/npm/@tensorflow/tfjs-core@4.0.0/dist/tf-core.min.js:16
[   10468ms] [WARNING] The kernel 'ResizeNearestNeighbor' for backend 'cpu' is already registered @ https://cdn.jsdelivr.net/npm/@tensorflow/tfjs-core@4.0.0/dist/tf-core.min.js:16
[   10468ms] [WARNING] The kernel 'ResizeNearestNeighborGrad' for backend 'cpu' is already registered @ https://cdn.jsdelivr.net/npm/@tensorflow/tfjs-core@4.0.0/dist/tf-core.min.js:16
[   10468ms] [WARNING] The kernel 'Reverse' for backend 'cpu' is already registered @ https://cdn.jsdelivr.net/npm/@tensorflow/tfjs-core@4.0.0/dist/tf-core.min.js:16
[   10468ms] [WARNING] The kernel 'RotateWithOffset' for backend 'cpu' is already registered @ https://cdn.jsdelivr.net/npm/@tensorflow/tfjs-core@4.0.0/dist/tf-core.min.js:16
[   10468ms] [WARNING] The kernel 'Round' for backend 'cpu' is already registered @ https://cdn.jsdelivr.net/npm/@tensorflow/tfjs-core@4.0.0/dist/tf-core.min.js:16
[   10468ms] [WARNING] The kernel 'Rsqrt' for backend 'cpu' is already registered @ https://cdn.jsdelivr.net/npm/@tensorflow/tfjs-core@4.0.0/dist/tf-core.min.js:16
[   10468ms] [WARNING] The kernel 'ScatterNd' for backend 'cpu' is already registered @ https://cdn.jsdelivr.net/npm/@tensorflow/tfjs-core@4.0.0/dist/tf-core.min.js:16
[   10468ms] [WARNING] The kernel 'SearchSorted' for backend 'cpu' is already registered @ https://cdn.jsdelivr.net/npm/@tensorflow/tfjs-core@4.0.0/dist/tf-core.min.js:16
[   10468ms] [WARNING] The kernel 'Select' for backend 'cpu' is already registered @ https://cdn.jsdelivr.net/npm/@tensorflow/tfjs-core@4.0.0/dist/tf-core.min.js:16
[   10468ms] [WARNING] The kernel 'Selu' for backend 'cpu' is already registered @ https://cdn.jsdelivr.net/npm/@tensorflow/tfjs-core@4.0.0/dist/tf-core.min.js:16
[   10468ms] [WARNING] The kernel 'Sigmoid' for backend 'cpu' is already registered @ https://cdn.jsdelivr.net/npm/@tensorflow/tfjs-core@4.0.0/dist/tf-core.min.js:16
[   10468ms] [WARNING] The kernel 'Sign' for backend 'cpu' is already registered @ https://cdn.jsdelivr.net/npm/@tensorflow/tfjs-core@4.0.0/dist/tf-core.min.js:16
[   10469ms] [WARNING] The kernel 'Sin' for backend 'cpu' is already registered @ https://cdn.jsdelivr.net/npm/@tensorflow/tfjs-core@4.0.0/dist/tf-core.min.js:16
[   10469ms] [WARNING] The kernel 'Sinh' for backend 'cpu' is already registered @ https://cdn.jsdelivr.net/npm/@tensorflow/tfjs-core@4.0.0/dist/tf-core.min.js:16
[   10469ms] [WARNING] The kernel 'Slice' for backend 'cpu' is already registered @ https://cdn.jsdelivr.net/npm/@tensorflow/tfjs-core@4.0.0/dist/tf-core.min.js:16
[   10469ms] [WARNING] The kernel 'Softmax' for backend 'cpu' is already registered @ https://cdn.jsdelivr.net/npm/@tensorflow/tfjs-core@4.0.0/dist/tf-core.min.js:16
[   10469ms] [WARNING] The kernel 'Softplus' for backend 'cpu' is already registered @ https://cdn.jsdelivr.net/npm/@tensorflow/tfjs-core@4.0.0/dist/tf-core.min.js:16
[   10469ms] [WARNING] The kernel 'SpaceToBatchND' for backend 'cpu' is already registered @ https://cdn.jsdelivr.net/npm/@tensorflow/tfjs-core@4.0.0/dist/tf-core.min.js:16
[   10469ms] [WARNING] The kernel 'SparseFillEmptyRows' for backend 'cpu' is already registered @ https://cdn.jsdelivr.net/npm/@tensorflow/tfjs-core@4.0.0/dist/tf-core.min.js:16
[   10469ms] [WARNING] The kernel 'SparseReshape' for backend 'cpu' is already registered @ https://cdn.jsdelivr.net/npm/@tensorflow/tfjs-core@4.0.0/dist/tf-core.min.js:16
[   10469ms] [WARNING] The kernel 'SparseSegmentMean' for backend 'cpu' is already registered @ https://cdn.jsdelivr.net/npm/@tensorflow/tfjs-core@4.0.0/dist/tf-core.min.js:16
[   10469ms] [WARNING] The kernel 'SparseSegmentSum' for backend 'cpu' is already registered @ https://cdn.jsdelivr.net/npm/@tensorflow/tfjs-core@4.0.0/dist/tf-core.min.js:16
[   10469ms] [WARNING] The kernel 'SparseToDense' for backend 'cpu' is already registered @ https://cdn.jsdelivr.net/npm/@tensorflow/tfjs-core@4.0.0/dist/tf-core.min.js:16
[   10469ms] [WARNING] The kernel 'SplitV' for backend 'cpu' is already registered @ https://cdn.jsdelivr.net/npm/@tensorflow/tfjs-core@4.0.0/dist/tf-core.min.js:16
[   10469ms] [WARNING] The kernel 'Sqrt' for backend 'cpu' is already registered @ https://cdn.jsdelivr.net/npm/@tensorflow/tfjs-core@4.0.0/dist/tf-core.min.js:16
[   10470ms] [WARNING] The kernel 'Square' for backend 'cpu' is already registered @ https://cdn.jsdelivr.net/npm/@tensorflow/tfjs-core@4.0.0/dist/tf-core.min.js:16
[   10470ms] [WARNING] The kernel 'SquaredDifference' for backend 'cpu' is already registered @ https://cdn.jsdelivr.net/npm/@tensorflow/tfjs-core@4.0.0/dist/tf-core.min.js:16
[   10470ms] [WARNING] The kernel 'Step' for backend 'cpu' is already registered @ https://cdn.jsdelivr.net/npm/@tensorflow/tfjs-core@4.0.0/dist/tf-core.min.js:16
[   10470ms] [WARNING] The kernel 'StridedSlice' for backend 'cpu' is already registered @ https://cdn.jsdelivr.net/npm/@tensorflow/tfjs-core@4.0.0/dist/tf-core.min.js:16
[   10470ms] [WARNING] The kernel 'StringNGrams' for backend 'cpu' is already registered @ https://cdn.jsdelivr.net/npm/@tensorflow/tfjs-core@4.0.0/dist/tf-core.min.js:16
[   10470ms] [WARNING] The kernel 'StringSplit' for backend 'cpu' is already registered @ https://cdn.jsdelivr.net/npm/@tensorflow/tfjs-core@4.0.0/dist/tf-core.min.js:16
[   10470ms] [WARNING] The kernel 'StringToHashBucketFast' for backend 'cpu' is already registered @ https://cdn.jsdelivr.net/npm/@tensorflow/tfjs-core@4.0.0/dist/tf-core.min.js:16
[   10470ms] [WARNING] The kernel 'Sub' for backend 'cpu' is already registered @ https://cdn.jsdelivr.net/npm/@tensorflow/tfjs-core@4.0.0/dist/tf-core.min.js:16
[   10470ms] [WARNING] The kernel 'Sum' for backend 'cpu' is already registered @ https://cdn.jsdelivr.net/npm/@tensorflow/tfjs-core@4.0.0/dist/tf-core.min.js:16
[   10470ms] [WARNING] The kernel 'Tan' for backend 'cpu' is already registered @ https://cdn.jsdelivr.net/npm/@tensorflow/tfjs-core@4.0.0/dist/tf-core.min.js:16
[   10470ms] [WARNING] The kernel 'Tanh' for backend 'cpu' is already registered @ https://cdn.jsdelivr.net/npm/@tensorflow/tfjs-core@4.0.0/dist/tf-core.min.js:16
[   10470ms] [WARNING] The kernel 'Tile' for backend 'cpu' is already registered @ https://cdn.jsdelivr.net/npm/@tensorflow/tfjs-core@4.0.0/dist/tf-core.min.js:16
[   10470ms] [WARNING] The kernel 'TopK' for backend 'cpu' is already registered @ https://cdn.jsdelivr.net/npm/@tensorflow/tfjs-core@4.0.0/dist/tf-core.min.js:16
[   10471ms] [WARNING] The kernel 'Transform' for backend 'cpu' is already registered @ https://cdn.jsdelivr.net/npm/@tensorflow/tfjs-core@4.0.0/dist/tf-core.min.js:16
[   10471ms] [WARNING] The kernel 'Transpose' for backend 'cpu' is already registered @ https://cdn.jsdelivr.net/npm/@tensorflow/tfjs-core@4.0.0/dist/tf-core.min.js:16
[   10471ms] [WARNING] The kernel 'Unique' for backend 'cpu' is already registered @ https://cdn.jsdelivr.net/npm/@tensorflow/tfjs-core@4.0.0/dist/tf-core.min.js:16
[   10471ms] [WARNING] The kernel 'Unpack' for backend 'cpu' is already registered @ https://cdn.jsdelivr.net/npm/@tensorflow/tfjs-core@4.0.0/dist/tf-core.min.js:16
[   10471ms] [WARNING] The kernel 'UnsortedSegmentSum' for backend 'cpu' is already registered @ https://cdn.jsdelivr.net/npm/@tensorflow/tfjs-core@4.0.0/dist/tf-core.min.js:16
[   10471ms] [WARNING] The kernel 'ZerosLike' for backend 'cpu' is already registered @ https://cdn.jsdelivr.net/npm/@tensorflow/tfjs-core@4.0.0/dist/tf-core.min.js:16
[   11988ms] [ERROR] Failed to load resource: the server responded with a status of 404 () @ https://firebase.googleapis.com/v1alpha/projects/-/apps/1:337047306636:web:0245210fa7d3195f8116a9/webConfig:0
[   11990ms] [WARNING] [2026-04-05T15:56:10.887Z]  @firebase/analytics: Failed to fetch this Firebase app's measurement ID from the server. Falling back to the measurement ID G-CJR1J3BTCM provided in the "measurementId" field in the local Firebase config. [Analytics: Dynamic config fetch failed: [404] App not found. App [1:337047306636:web:0245210fa7d3195f8116a9] (analytics/config-fetch-failed).] @ https://login.dhan.co/main.d8515b6d7966b2de.js:0
[  103756ms] [ERROR] ERROR TypeError: Cannot read properties of undefined (reading 'reset')
    at https://login.dhan.co/main.d8515b6d7966b2de.js:1:290079
    at y.invokeTask (https://login.dhan.co/polyfills.57893e3a80e01418.js:1:8829)
    at Object.onInvokeTask (https://login.dhan.co/main.d8515b6d7966b2de.js:1:1700316)
    at y.invokeTask (https://login.dhan.co/polyfills.57893e3a80e01418.js:1:8750)
    at y.runTask (https://login.dhan.co/polyfills.57893e3a80e01418.js:1:3898)
    at y.invokeTask (https://login.dhan.co/polyfills.57893e3a80e01418.js:1:9966)
    at invoke (https://login.dhan.co/polyfills.57893e3a80e01418.js:1:9855)
    at k (https://login.dhan.co/polyfills.57893e3a80e01418.js:1:41619) @ https://login.dhan.co/main.d8515b6d7966b2de.js:0
[  356960ms] [ERROR] Access to fetch at 'https://web.dhan.co/?user=dhIs%2FM55xbI%2BqBzoZNUzHWfVGBPimJzKMmEQTThMC%2FhgqwmrlQcnLh1qYV2tuY8OFxnhweCWVqZvBNFV2pQvcVNx5MIPQ4RiXKx%2BvSeNxbC2VlEj8f%2FX8GJ5vBBb9C%2FBgkPTmbQ4IWlTGjud%2FSzNhcN3G4q5Oel9dgx%2B5eVvorR5VKhfhnNk30Na8hfNMsZHXprmf5%2FqmNRpKQKEiT9jF%2BiHxWJvC2xs8C3x6wz46ErXdak%2Btihz2vgSxKLIr13%2FZwp6%2Bxnk2qQiCxvY2vjWVIb2bPN4awihlURvdCls7ChP64VfIMk5Yyl5sMD0Zu7EGLsHfLnS3sJVwphSGVVCcVEBtmz0Kf%2BsBsX7Nl6QvlKqjsFk9M%2B1wapJ2x%2Frbu7aZOeP7g%2B0BcwGQPLe3hjQPf2P%2FatGX19XhexkOsAUgFnl2F7Pvcsofe%2FvUzwcY0Pzku%2Ba8ndZ4sJC8OTH7CJgKGI%2Fh6YanppFnB%2BuqqEkcOTVfUfiJybCfNV9wNpe0LBcwR8SAqD7CABA3dEz4nP8xJc7zpEjE3I0NuhJK9iDt9eOn7ZG48JTwSQYNYwFv%2Fzz6HMp%2B38sF2eE2k8vVaX3IOfVBu49thSsYRQRgm6WBgBiYqqaNkpfL18ALp6ScNeo3rES1kWBecFTwrcOMYRS0wqeQvkg5uTHpUIAW9W%2BLLYm0ovU%2B1LEVK9CFpakfFpgXcxrQq2tNH2N0OaaHcPK752LPzrO8SPfSfGWCfuoZHp9bfB0hQ18Oz7HLbuK6wrw%2BtMt5TehR0x%2FmrfiNBs0akCf15YLB3HufbTDasJkIqcTZ94VThKbGGbQQ%2F51wKxF0qXew6Qk7xwAFGv%2FuiPmSf86xRtAwbVzcuNP9z%2B4dJHqAb79i2l6Zp5yjKW3oRhWewjDIl52Hmef9BQ8TMcdGhG0VsYKcmv0A%2BUL0gsRvrPmbMWDaPX79VF4HxDuFFvFstdoYXs6LsKDzi70FbCq5PNELHShwR6C5oZTGQcCCf1%2F9G%2BZqEaWMAUAZD%2F6SpX6P9GTjghdC4uembX6Ty7nIo%2Fj38mU0EgA5PEq%2Bb5Y5tLVoygXh%2Fq74O3m4UKH6KJuC1LTPrqItOa20lJgLwP0DxOQiPS0K0ErJKsmwsizAzs%3D' from origin 'https://login.dhan.co' has been blocked by CORS policy: Request header field expires is not allowed by Access-Control-Allow-Headers in preflight response. @ https://login.dhan.co/?location=DH_WEB:0
[  356961ms] [ERROR] Failed to load resource: net::ERR_FAILED @ https://web.dhan.co/?user=dhIs%2FM55xbI%2BqBzoZNUzHWfVGBPimJzKMmEQTThMC%2FhgqwmrlQcnLh1qYV2tuY8OFxnhweCWVqZvBNFV2pQvcVNx5MIPQ4RiXKx%2BvSeNxbC2VlEj8f%2FX8GJ5vBBb9C%2FBgkPTmbQ4IWlTGjud%2FSzNhcN3G4q5Oel9dgx%2B5eVvorR5VKhfhnNk30Na8hfNMsZHXprmf5%2FqmNRpKQKEiT9jF%2BiHxWJvC2xs8C3x6wz46ErXdak%2Btihz2vgSxKLIr13%2FZwp6%2Bxnk2qQiCxvY2vjWVIb2bPN4awihlURvdCls7ChP64VfIMk5Yyl5sMD0Zu7EGLsHfLnS3sJVwphSGVVCcVEBtmz0Kf%2BsBsX7Nl6QvlKqjsFk9M%2B1wapJ2x%2Frbu7aZOeP7g%2B0BcwGQPLe3hjQPf2P%2FatGX19XhexkOsAUgFnl2F7Pvcsofe%2FvUzwcY0Pzku%2Ba8ndZ4sJC8OTH7CJgKGI%2Fh6YanppFnB%2BuqqEkcOTVfUfiJybCfNV9wNpe0LBcwR8SAqD7CABA3dEz4nP8xJc7zpEjE3I0NuhJK9iDt9eOn7ZG48JTwSQYNYwFv%2Fzz6HMp%2B38sF2eE2k8vVaX3IOfVBu49thSsYRQRgm6WBgBiYqqaNkpfL18ALp6ScNeo3rES1kWBecFTwrcOMYRS0wqeQvkg5uTHpUIAW9W%2BLLYm0ovU%2B1LEVK9CFpakfFpgXcxrQq2tNH2N0OaaHcPK752LPzrO8SPfSfGWCfuoZHp9bfB0hQ18Oz7HLbuK6wrw%2BtMt5TehR0x%2FmrfiNBs0akCf15YLB3HufbTDasJkIqcTZ94VThKbGGbQQ%2F51wKxF0qXew6Qk7xwAFGv%2FuiPmSf86xRtAwbVzcuNP9z%2B4dJHqAb79i2l6Zp5yjKW3oRhWewjDIl52Hmef9BQ8TMcdGhG0VsYKcmv0A%2BUL0gsRvrPmbMWDaPX79VF4HxDuFFvFstdoYXs6LsKDzi70FbCq5PNELHShwR6C5oZTGQcCCf1%2F9G%2BZqEaWMAUAZD%2F6SpX6P9GTjghdC4uembX6Ty7nIo%2Fj38mU0EgA5PEq%2Bb5Y5tLVoygXh%2Fq74O3m4UKH6KJuC1LTPrqItOa20lJgLwP0DxOQiPS0K0ErJKsmwsizAzs%3D:0
[  356962ms] TypeError: Failed to fetch
    at https://login.dhan.co/polyfills.57893e3a80e01418.js:1:18018
    at b.handleHardReload (https://login.dhan.co/main.d8515b6d7966b2de.js:1:145497)
    at b.transferLocation (https://login.dhan.co/main.d8515b6d7966b2de.js:1:145239)
    at https://login.dhan.co/main.d8515b6d7966b2de.js:1:73107
    at Sg (https://login.dhan.co/main.d8515b6d7966b2de.js:1:1661941)
    at A (https://login.dhan.co/main.d8515b6d7966b2de.js:1:1662109)
    at HTMLButtonElement.<anonymous> (https://login.dhan.co/main.d8515b6d7966b2de.js:1:1984399)
    at y.invokeTask (https://login.dhan.co/polyfills.57893e3a80e01418.js:1:8829)
    at Object.onInvokeTask (https://login.dhan.co/main.d8515b6d7966b2de.js:1:1700316)
    at y.invokeTask (https://login.dhan.co/polyfills.57893e3a80e01418.js:1:8750)
[  357128ms] [WARNING] <link rel=preload> must have a valid `as` value @ https://web.dhan.co/?user=dhIs%2FM55xbI%2BqBzoZNUzHWfVGBPimJzKMmEQTThMC%2FhgqwmrlQcnLh1qYV2tuY8OFxnhweCWVqZvBNFV2pQvcVNx5MIPQ4RiXKx%2BvSeNxbC2VlEj8f%2FX8GJ5vBBb9C%2FBgkPTmbQ4IWlTGjud%2FSzNhcN3G4q5Oel9dgx%2B5eVvorR5VKhfhnNk30Na8hfNMsZHXprmf5%2FqmNRpKQKEiT9jF%2BiHxWJvC2xs8C3x6wz46ErXdak%2Btihz2vgSxKLIr13%2FZwp6%2Bxnk2qQiCxvY2vjWVIb2bPN4awihlURvdCls7ChP64VfIMk5Yyl5sMD0Zu7EGLsHfLnS3sJVwphSGVVCcVEBtmz0Kf%2BsBsX7Nl6QvlKqjsFk9M%2B1wapJ2x%2Frbu7aZOeP7g%2B0BcwGQPLe3hjQPf2P%2FatGX19XhexkOsAUgFnl2F7Pvcsofe%2FvUzwcY0Pzku%2Ba8ndZ4sJC8OTH7CJgKGI%2Fh6YanppFnB%2BuqqEkcOTVfUfiJybCfNV9wNpe0LBcwR8SAqD7CABA3dEz4nP8xJc7zpEjE3I0NuhJK9iDt9eOn7ZG48JTwSQYNYwFv%2Fzz6HMp%2B38sF2eE2k8vVaX3IOfVBu49thSsYRQRgm6WBgBiYqqaNkpfL18ALp6ScNeo3rES1kWBecFTwrcOMYRS0wqeQvkg5uTHpUIAW9W%2BLLYm0ovU%2B1LEVK9CFpakfFpgXcxrQq2tNH2N0OaaHcPK752LPzrO8SPfSfGWCfuoZHp9bfB0hQ18Oz7HLbuK6wrw%2BtMt5TehR0x%2FmrfiNBs0akCf15YLB3HufbTDasJkIqcTZ94VThKbGGbQQ%2F51wKxF0qXew6Qk7xwAFGv%2FuiPmSf86xRtAwbVzcuNP9z%2B4dJHqAb79i2l6Zp5yjKW3oRhWewjDIl52Hmef9BQ8TMcdGhG0VsYKcmv0A%2BUL0gsRvrPmbMWDaPX79VF4HxDuFFvFstdoYXs6LsKDzi70FbCq5PNELHShwR6C5oZTGQcCCf1%2F9G%2BZqEaWMAUAZD%2F6SpX6P9GTjghdC4uembX6Ty7nIo%2Fj38mU0EgA5PEq%2Bb5Y5tLVoygXh%2Fq74O3m4UKH6KJuC1LTPrqItOa20lJgLwP0DxOQiPS0K0ErJKsmwsizAzs%3D:54
[  357129ms] [WARNING] <link rel=preload> must have a valid `as` value @ https://web.dhan.co/?user=dhIs%2FM55xbI%2BqBzoZNUzHWfVGBPimJzKMmEQTThMC%2FhgqwmrlQcnLh1qYV2tuY8OFxnhweCWVqZvBNFV2pQvcVNx5MIPQ4RiXKx%2BvSeNxbC2VlEj8f%2FX8GJ5vBBb9C%2FBgkPTmbQ4IWlTGjud%2FSzNhcN3G4q5Oel9dgx%2B5eVvorR5VKhfhnNk30Na8hfNMsZHXprmf5%2FqmNRpKQKEiT9jF%2BiHxWJvC2xs8C3x6wz46ErXdak%2Btihz2vgSxKLIr13%2FZwp6%2Bxnk2qQiCxvY2vjWVIb2bPN4awihlURvdCls7ChP64VfIMk5Yyl5sMD0Zu7EGLsHfLnS3sJVwphSGVVCcVEBtmz0Kf%2BsBsX7Nl6QvlKqjsFk9M%2B1wapJ2x%2Frbu7aZOeP7g%2B0BcwGQPLe3hjQPf2P%2FatGX19XhexkOsAUgFnl2F7Pvcsofe%2FvUzwcY0Pzku%2Ba8ndZ4sJC8OTH7CJgKGI%2Fh6YanppFnB%2BuqqEkcOTVfUfiJybCfNV9wNpe0LBcwR8SAqD7CABA3dEz4nP8xJc7zpEjE3I0NuhJK9iDt9eOn7ZG48JTwSQYNYwFv%2Fzz6HMp%2B38sF2eE2k8vVaX3IOfVBu49thSsYRQRgm6WBgBiYqqaNkpfL18ALp6ScNeo3rES1kWBecFTwrcOMYRS0wqeQvkg5uTHpUIAW9W%2BLLYm0ovU%2B1LEVK9CFpakfFpgXcxrQq2tNH2N0OaaHcPK752LPzrO8SPfSfGWCfuoZHp9bfB0hQ18Oz7HLbuK6wrw%2BtMt5TehR0x%2FmrfiNBs0akCf15YLB3HufbTDasJkIqcTZ94VThKbGGbQQ%2F51wKxF0qXew6Qk7xwAFGv%2FuiPmSf86xRtAwbVzcuNP9z%2B4dJHqAb79i2l6Zp5yjKW3oRhWewjDIl52Hmef9BQ8TMcdGhG0VsYKcmv0A%2BUL0gsRvrPmbMWDaPX79VF4HxDuFFvFstdoYXs6LsKDzi70FbCq5PNELHShwR6C5oZTGQcCCf1%2F9G%2BZqEaWMAUAZD%2F6SpX6P9GTjghdC4uembX6Ty7nIo%2Fj38mU0EgA5PEq%2Bb5Y5tLVoygXh%2Fq74O3m4UKH6KJuC1LTPrqItOa20lJgLwP0DxOQiPS0K0ErJKsmwsizAzs%3D:55
[  357129ms] [WARNING] <link rel=preload> must have a valid `as` value @ https://web.dhan.co/?user=dhIs%2FM55xbI%2BqBzoZNUzHWfVGBPimJzKMmEQTThMC%2FhgqwmrlQcnLh1qYV2tuY8OFxnhweCWVqZvBNFV2pQvcVNx5MIPQ4RiXKx%2BvSeNxbC2VlEj8f%2FX8GJ5vBBb9C%2FBgkPTmbQ4IWlTGjud%2FSzNhcN3G4q5Oel9dgx%2B5eVvorR5VKhfhnNk30Na8hfNMsZHXprmf5%2FqmNRpKQKEiT9jF%2BiHxWJvC2xs8C3x6wz46ErXdak%2Btihz2vgSxKLIr13%2FZwp6%2Bxnk2qQiCxvY2vjWVIb2bPN4awihlURvdCls7ChP64VfIMk5Yyl5sMD0Zu7EGLsHfLnS3sJVwphSGVVCcVEBtmz0Kf%2BsBsX7Nl6QvlKqjsFk9M%2B1wapJ2x%2Frbu7aZOeP7g%2B0BcwGQPLe3hjQPf2P%2FatGX19XhexkOsAUgFnl2F7Pvcsofe%2FvUzwcY0Pzku%2Ba8ndZ4sJC8OTH7CJgKGI%2Fh6YanppFnB%2BuqqEkcOTVfUfiJybCfNV9wNpe0LBcwR8SAqD7CABA3dEz4nP8xJc7zpEjE3I0NuhJK9iDt9eOn7ZG48JTwSQYNYwFv%2Fzz6HMp%2B38sF2eE2k8vVaX3IOfVBu49thSsYRQRgm6WBgBiYqqaNkpfL18ALp6ScNeo3rES1kWBecFTwrcOMYRS0wqeQvkg5uTHpUIAW9W%2BLLYm0ovU%2B1LEVK9CFpakfFpgXcxrQq2tNH2N0OaaHcPK752LPzrO8SPfSfGWCfuoZHp9bfB0hQ18Oz7HLbuK6wrw%2BtMt5TehR0x%2FmrfiNBs0akCf15YLB3HufbTDasJkIqcTZ94VThKbGGbQQ%2F51wKxF0qXew6Qk7xwAFGv%2FuiPmSf86xRtAwbVzcuNP9z%2B4dJHqAb79i2l6Zp5yjKW3oRhWewjDIl52Hmef9BQ8TMcdGhG0VsYKcmv0A%2BUL0gsRvrPmbMWDaPX79VF4HxDuFFvFstdoYXs6LsKDzi70FbCq5PNELHShwR6C5oZTGQcCCf1%2F9G%2BZqEaWMAUAZD%2F6SpX6P9GTjghdC4uembX6Ty7nIo%2Fj38mU0EgA5PEq%2Bb5Y5tLVoygXh%2Fq74O3m4UKH6KJuC1LTPrqItOa20lJgLwP0DxOQiPS0K0ErJKsmwsizAzs%3D:56
[  357129ms] [WARNING] <link rel=preload> must have a valid `as` value @ https://web.dhan.co/?user=dhIs%2FM55xbI%2BqBzoZNUzHWfVGBPimJzKMmEQTThMC%2FhgqwmrlQcnLh1qYV2tuY8OFxnhweCWVqZvBNFV2pQvcVNx5MIPQ4RiXKx%2BvSeNxbC2VlEj8f%2FX8GJ5vBBb9C%2FBgkPTmbQ4IWlTGjud%2FSzNhcN3G4q5Oel9dgx%2B5eVvorR5VKhfhnNk30Na8hfNMsZHXprmf5%2FqmNRpKQKEiT9jF%2BiHxWJvC2xs8C3x6wz46ErXdak%2Btihz2vgSxKLIr13%2FZwp6%2Bxnk2qQiCxvY2vjWVIb2bPN4awihlURvdCls7ChP64VfIMk5Yyl5sMD0Zu7EGLsHfLnS3sJVwphSGVVCcVEBtmz0Kf%2BsBsX7Nl6QvlKqjsFk9M%2B1wapJ2x%2Frbu7aZOeP7g%2B0BcwGQPLe3hjQPf2P%2FatGX19XhexkOsAUgFnl2F7Pvcsofe%2FvUzwcY0Pzku%2Ba8ndZ4sJC8OTH7CJgKGI%2Fh6YanppFnB%2BuqqEkcOTVfUfiJybCfNV9wNpe0LBcwR8SAqD7CABA3dEz4nP8xJc7zpEjE3I0NuhJK9iDt9eOn7ZG48JTwSQYNYwFv%2Fzz6HMp%2B38sF2eE2k8vVaX3IOfVBu49thSsYRQRgm6WBgBiYqqaNkpfL18ALp6ScNeo3rES1kWBecFTwrcOMYRS0wqeQvkg5uTHpUIAW9W%2BLLYm0ovU%2B1LEVK9CFpakfFpgXcxrQq2tNH2N0OaaHcPK752LPzrO8SPfSfGWCfuoZHp9bfB0hQ18Oz7HLbuK6wrw%2BtMt5TehR0x%2FmrfiNBs0akCf15YLB3HufbTDasJkIqcTZ94VThKbGGbQQ%2F51wKxF0qXew6Qk7xwAFGv%2FuiPmSf86xRtAwbVzcuNP9z%2B4dJHqAb79i2l6Zp5yjKW3oRhWewjDIl52Hmef9BQ8TMcdGhG0VsYKcmv0A%2BUL0gsRvrPmbMWDaPX79VF4HxDuFFvFstdoYXs6LsKDzi70FbCq5PNELHShwR6C5oZTGQcCCf1%2F9G%2BZqEaWMAUAZD%2F6SpX6P9GTjghdC4uembX6Ty7nIo%2Fj38mU0EgA5PEq%2Bb5Y5tLVoygXh%2Fq74O3m4UKH6KJuC1LTPrqItOa20lJgLwP0DxOQiPS0K0ErJKsmwsizAzs%3D:57
[  357129ms] [WARNING] <link rel=preload> must have a valid `as` value @ https://web.dhan.co/?user=dhIs%2FM55xbI%2BqBzoZNUzHWfVGBPimJzKMmEQTThMC%2FhgqwmrlQcnLh1qYV2tuY8OFxnhweCWVqZvBNFV2pQvcVNx5MIPQ4RiXKx%2BvSeNxbC2VlEj8f%2FX8GJ5vBBb9C%2FBgkPTmbQ4IWlTGjud%2FSzNhcN3G4q5Oel9dgx%2B5eVvorR5VKhfhnNk30Na8hfNMsZHXprmf5%2FqmNRpKQKEiT9jF%2BiHxWJvC2xs8C3x6wz46ErXdak%2Btihz2vgSxKLIr13%2FZwp6%2Bxnk2qQiCxvY2vjWVIb2bPN4awihlURvdCls7ChP64VfIMk5Yyl5sMD0Zu7EGLsHfLnS3sJVwphSGVVCcVEBtmz0Kf%2BsBsX7Nl6QvlKqjsFk9M%2B1wapJ2x%2Frbu7aZOeP7g%2B0BcwGQPLe3hjQPf2P%2FatGX19XhexkOsAUgFnl2F7Pvcsofe%2FvUzwcY0Pzku%2Ba8ndZ4sJC8OTH7CJgKGI%2Fh6YanppFnB%2BuqqEkcOTVfUfiJybCfNV9wNpe0LBcwR8SAqD7CABA3dEz4nP8xJc7zpEjE3I0NuhJK9iDt9eOn7ZG48JTwSQYNYwFv%2Fzz6HMp%2B38sF2eE2k8vVaX3IOfVBu49thSsYRQRgm6WBgBiYqqaNkpfL18ALp6ScNeo3rES1kWBecFTwrcOMYRS0wqeQvkg5uTHpUIAW9W%2BLLYm0ovU%2B1LEVK9CFpakfFpgXcxrQq2tNH2N0OaaHcPK752LPzrO8SPfSfGWCfuoZHp9bfB0hQ18Oz7HLbuK6wrw%2BtMt5TehR0x%2FmrfiNBs0akCf15YLB3HufbTDasJkIqcTZ94VThKbGGbQQ%2F51wKxF0qXew6Qk7xwAFGv%2FuiPmSf86xRtAwbVzcuNP9z%2B4dJHqAb79i2l6Zp5yjKW3oRhWewjDIl52Hmef9BQ8TMcdGhG0VsYKcmv0A%2BUL0gsRvrPmbMWDaPX79VF4HxDuFFvFstdoYXs6LsKDzi70FbCq5PNELHShwR6C5oZTGQcCCf1%2F9G%2BZqEaWMAUAZD%2F6SpX6P9GTjghdC4uembX6Ty7nIo%2Fj38mU0EgA5PEq%2Bb5Y5tLVoygXh%2Fq74O3m4UKH6KJuC1LTPrqItOa20lJgLwP0DxOQiPS0K0ErJKsmwsizAzs%3D:58
[  357129ms] [WARNING] <link rel=preload> must have a valid `as` value @ https://web.dhan.co/?user=dhIs%2FM55xbI%2BqBzoZNUzHWfVGBPimJzKMmEQTThMC%2FhgqwmrlQcnLh1qYV2tuY8OFxnhweCWVqZvBNFV2pQvcVNx5MIPQ4RiXKx%2BvSeNxbC2VlEj8f%2FX8GJ5vBBb9C%2FBgkPTmbQ4IWlTGjud%2FSzNhcN3G4q5Oel9dgx%2B5eVvorR5VKhfhnNk30Na8hfNMsZHXprmf5%2FqmNRpKQKEiT9jF%2BiHxWJvC2xs8C3x6wz46ErXdak%2Btihz2vgSxKLIr13%2FZwp6%2Bxnk2qQiCxvY2vjWVIb2bPN4awihlURvdCls7ChP64VfIMk5Yyl5sMD0Zu7EGLsHfLnS3sJVwphSGVVCcVEBtmz0Kf%2BsBsX7Nl6QvlKqjsFk9M%2B1wapJ2x%2Frbu7aZOeP7g%2B0BcwGQPLe3hjQPf2P%2FatGX19XhexkOsAUgFnl2F7Pvcsofe%2FvUzwcY0Pzku%2Ba8ndZ4sJC8OTH7CJgKGI%2Fh6YanppFnB%2BuqqEkcOTVfUfiJybCfNV9wNpe0LBcwR8SAqD7CABA3dEz4nP8xJc7zpEjE3I0NuhJK9iDt9eOn7ZG48JTwSQYNYwFv%2Fzz6HMp%2B38sF2eE2k8vVaX3IOfVBu49thSsYRQRgm6WBgBiYqqaNkpfL18ALp6ScNeo3rES1kWBecFTwrcOMYRS0wqeQvkg5uTHpUIAW9W%2BLLYm0ovU%2B1LEVK9CFpakfFpgXcxrQq2tNH2N0OaaHcPK752LPzrO8SPfSfGWCfuoZHp9bfB0hQ18Oz7HLbuK6wrw%2BtMt5TehR0x%2FmrfiNBs0akCf15YLB3HufbTDasJkIqcTZ94VThKbGGbQQ%2F51wKxF0qXew6Qk7xwAFGv%2FuiPmSf86xRtAwbVzcuNP9z%2B4dJHqAb79i2l6Zp5yjKW3oRhWewjDIl52Hmef9BQ8TMcdGhG0VsYKcmv0A%2BUL0gsRvrPmbMWDaPX79VF4HxDuFFvFstdoYXs6LsKDzi70FbCq5PNELHShwR6C5oZTGQcCCf1%2F9G%2BZqEaWMAUAZD%2F6SpX6P9GTjghdC4uembX6Ty7nIo%2Fj38mU0EgA5PEq%2Bb5Y5tLVoygXh%2Fq74O3m4UKH6KJuC1LTPrqItOa20lJgLwP0DxOQiPS0K0ErJKsmwsizAzs%3D:59
